<testsuites id="" name="" tests="100" failures="0" skipped="0" errors="100" time="747.048406">
<testsuite name="admin-dashboard.test.js" timestamp="2026-04-10T11:26:53.798Z" hostname="chromium" tests="25" failures="0" skipped="0" time="131.995" errors="25">
<testcase name="Admin Dashboard Management Pages › Admin Dashboard should load with all management cards" classname="admin-dashboard.test.js" time="5.249">
<system-out>
<![CDATA[
[[ATTACHMENT|admin-dashboard-Admin-Dash-28756-d-with-all-management-cards-chromium\test-failed-1.png]]

[[ATTACHMENT|admin-dashboard-Admin-Dash-28756-d-with-all-management-cards-chromium\video.webm]]

[[ATTACHMENT|admin-dashboard-Admin-Dash-28756-d-with-all-management-cards-chromium\error-context.md]]

[[ATTACHMENT|admin-dashboard-Admin-Dash-28756-d-with-all-management-cards-chromium-retry1\test-failed-1.png]]

[[ATTACHMENT|admin-dashboard-Admin-Dash-28756-d-with-all-management-cards-chromium-retry1\video.webm]]

[[ATTACHMENT|admin-dashboard-Admin-Dash-28756-d-with-all-management-cards-chromium-retry1\error-context.md]]

[[ATTACHMENT|admin-dashboard-Admin-Dash-28756-d-with-all-management-cards-chromium-retry1\trace.zip]]
]]>
</system-out>
<error message="page.goto: net::ERR_CONNECTION_REFUSED at http://localhost:8080/login.html" type="Error">
<![CDATA[  [chromium] › admin-dashboard.test.js:24:7 › Admin Dashboard Management Pages › Admin Dashboard should load with all management cards 

    Error: page.goto: net::ERR_CONNECTION_REFUSED at http://localhost:8080/login.html
    Call log:
      - navigating to "http://localhost:8080/login.html", waiting until "load"


       7 | // Login helper function
       8 | async function loginAsAdmin(page) {
    >  9 |   await page.goto(`${BASE_URL}/login.html`);
         |              ^
      10 |   await page.fill('input[name="email"]', ADMIN_EMAIL);
      11 |   await page.fill('input[name="password"]', ADMIN_PASSWORD);
      12 |   await page.click('button[type="submit"]');
        at loginAsAdmin (D:\Code\Java\SpingBoot\MyFirstSpringBoot\tests\admin-dashboard.test.js:9:14)
        at D:\Code\Java\SpingBoot\MyFirstSpringBoot\tests\admin-dashboard.test.js:20:11

    attachment #1: screenshot (image/png) ──────────────────────────────────────────────────────────
    test-results\admin-dashboard-Admin-Dash-28756-d-with-all-management-cards-chromium\test-failed-1.png
    ────────────────────────────────────────────────────────────────────────────────────────────────

    attachment #2: video (video/webm) ──────────────────────────────────────────────────────────────
    test-results\admin-dashboard-Admin-Dash-28756-d-with-all-management-cards-chromium\video.webm
    ────────────────────────────────────────────────────────────────────────────────────────────────

    Error Context: test-results\admin-dashboard-Admin-Dash-28756-d-with-all-management-cards-chromium\error-context.md

    Retry #1 ───────────────────────────────────────────────────────────────────────────────────────

    Error: page.goto: net::ERR_CONNECTION_REFUSED at http://localhost:8080/login.html
    Call log:
      - navigating to "http://localhost:8080/login.html", waiting until "load"


       7 | // Login helper function
       8 | async function loginAsAdmin(page) {
    >  9 |   await page.goto(`${BASE_URL}/login.html`);
         |              ^
      10 |   await page.fill('input[name="email"]', ADMIN_EMAIL);
      11 |   await page.fill('input[name="password"]', ADMIN_PASSWORD);
      12 |   await page.click('button[type="submit"]');
        at loginAsAdmin (D:\Code\Java\SpingBoot\MyFirstSpringBoot\tests\admin-dashboard.test.js:9:14)
        at D:\Code\Java\SpingBoot\MyFirstSpringBoot\tests\admin-dashboard.test.js:20:11

    attachment #1: screenshot (image/png) ──────────────────────────────────────────────────────────
    test-results\admin-dashboard-Admin-Dash-28756-d-with-all-management-cards-chromium-retry1\test-failed-1.png
    ────────────────────────────────────────────────────────────────────────────────────────────────

    attachment #2: video (video/webm) ──────────────────────────────────────────────────────────────
    test-results\admin-dashboard-Admin-Dash-28756-d-with-all-management-cards-chromium-retry1\video.webm
    ────────────────────────────────────────────────────────────────────────────────────────────────

    Error Context: test-results\admin-dashboard-Admin-Dash-28756-d-with-all-management-cards-chromium-retry1\error-context.md

    attachment #4: trace (application/zip) ─────────────────────────────────────────────────────────
    test-results\admin-dashboard-Admin-Dash-28756-d-with-all-management-cards-chromium-retry1\trace.zip
    Usage:

        npx playwright show-trace test-results\admin-dashboard-Admin-Dash-28756-d-with-all-management-cards-chromium-retry1\trace.zip

    ────────────────────────────────────────────────────────────────────────────────────────────────
]]>
</error>
</testcase>
<testcase name="Admin Dashboard Management Pages › Admin Dashboard links navigate correctly" classname="admin-dashboard.test.js" time="5.288">
<system-out>
<![CDATA[
[[ATTACHMENT|admin-dashboard-Admin-Dash-39f97-rd-links-navigate-correctly-chromium\test-failed-1.png]]

[[ATTACHMENT|admin-dashboard-Admin-Dash-39f97-rd-links-navigate-correctly-chromium\video.webm]]

[[ATTACHMENT|admin-dashboard-Admin-Dash-39f97-rd-links-navigate-correctly-chromium\error-context.md]]

[[ATTACHMENT|admin-dashboard-Admin-Dash-39f97-rd-links-navigate-correctly-chromium-retry1\test-failed-1.png]]

[[ATTACHMENT|admin-dashboard-Admin-Dash-39f97-rd-links-navigate-correctly-chromium-retry1\video.webm]]

[[ATTACHMENT|admin-dashboard-Admin-Dash-39f97-rd-links-navigate-correctly-chromium-retry1\error-context.md]]

[[ATTACHMENT|admin-dashboard-Admin-Dash-39f97-rd-links-navigate-correctly-chromium-retry1\trace.zip]]
]]>
</system-out>
<error message="page.goto: net::ERR_CONNECTION_REFUSED at http://localhost:8080/login.html" type="Error">
<![CDATA[  [chromium] › admin-dashboard.test.js:53:7 › Admin Dashboard Management Pages › Admin Dashboard links navigate correctly 

    Error: page.goto: net::ERR_CONNECTION_REFUSED at http://localhost:8080/login.html
    Call log:
      - navigating to "http://localhost:8080/login.html", waiting until "load"


       7 | // Login helper function
       8 | async function loginAsAdmin(page) {
    >  9 |   await page.goto(`${BASE_URL}/login.html`);
         |              ^
      10 |   await page.fill('input[name="email"]', ADMIN_EMAIL);
      11 |   await page.fill('input[name="password"]', ADMIN_PASSWORD);
      12 |   await page.click('button[type="submit"]');
        at loginAsAdmin (D:\Code\Java\SpingBoot\MyFirstSpringBoot\tests\admin-dashboard.test.js:9:14)
        at D:\Code\Java\SpingBoot\MyFirstSpringBoot\tests\admin-dashboard.test.js:20:11

    attachment #1: screenshot (image/png) ──────────────────────────────────────────────────────────
    test-results\admin-dashboard-Admin-Dash-39f97-rd-links-navigate-correctly-chromium\test-failed-1.png
    ────────────────────────────────────────────────────────────────────────────────────────────────

    attachment #2: video (video/webm) ──────────────────────────────────────────────────────────────
    test-results\admin-dashboard-Admin-Dash-39f97-rd-links-navigate-correctly-chromium\video.webm
    ────────────────────────────────────────────────────────────────────────────────────────────────

    Error Context: test-results\admin-dashboard-Admin-Dash-39f97-rd-links-navigate-correctly-chromium\error-context.md

    Retry #1 ───────────────────────────────────────────────────────────────────────────────────────

    Error: page.goto: net::ERR_CONNECTION_REFUSED at http://localhost:8080/login.html
    Call log:
      - navigating to "http://localhost:8080/login.html", waiting until "load"


       7 | // Login helper function
       8 | async function loginAsAdmin(page) {
    >  9 |   await page.goto(`${BASE_URL}/login.html`);
         |              ^
      10 |   await page.fill('input[name="email"]', ADMIN_EMAIL);
      11 |   await page.fill('input[name="password"]', ADMIN_PASSWORD);
      12 |   await page.click('button[type="submit"]');
        at loginAsAdmin (D:\Code\Java\SpingBoot\MyFirstSpringBoot\tests\admin-dashboard.test.js:9:14)
        at D:\Code\Java\SpingBoot\MyFirstSpringBoot\tests\admin-dashboard.test.js:20:11

    attachment #1: screenshot (image/png) ──────────────────────────────────────────────────────────
    test-results\admin-dashboard-Admin-Dash-39f97-rd-links-navigate-correctly-chromium-retry1\test-failed-1.png
    ────────────────────────────────────────────────────────────────────────────────────────────────

    attachment #2: video (video/webm) ──────────────────────────────────────────────────────────────
    test-results\admin-dashboard-Admin-Dash-39f97-rd-links-navigate-correctly-chromium-retry1\video.webm
    ────────────────────────────────────────────────────────────────────────────────────────────────

    Error Context: test-results\admin-dashboard-Admin-Dash-39f97-rd-links-navigate-correctly-chromium-retry1\error-context.md

    attachment #4: trace (application/zip) ─────────────────────────────────────────────────────────
    test-results\admin-dashboard-Admin-Dash-39f97-rd-links-navigate-correctly-chromium-retry1\trace.zip
    Usage:

        npx playwright show-trace test-results\admin-dashboard-Admin-Dash-39f97-rd-links-navigate-correctly-chromium-retry1\trace.zip

    ────────────────────────────────────────────────────────────────────────────────────────────────
]]>
</error>
</testcase>
<testcase name="Admin Dashboard Management Pages › User Management page should load" classname="admin-dashboard.test.js" time="5.303">
<system-out>
<![CDATA[
[[ATTACHMENT|admin-dashboard-Admin-Dash-1e947-Management-page-should-load-chromium\test-failed-1.png]]

[[ATTACHMENT|admin-dashboard-Admin-Dash-1e947-Management-page-should-load-chromium\video.webm]]

[[ATTACHMENT|admin-dashboard-Admin-Dash-1e947-Management-page-should-load-chromium\error-context.md]]

[[ATTACHMENT|admin-dashboard-Admin-Dash-1e947-Management-page-should-load-chromium-retry1\test-failed-1.png]]

[[ATTACHMENT|admin-dashboard-Admin-Dash-1e947-Management-page-should-load-chromium-retry1\video.webm]]

[[ATTACHMENT|admin-dashboard-Admin-Dash-1e947-Management-page-should-load-chromium-retry1\error-context.md]]

[[ATTACHMENT|admin-dashboard-Admin-Dash-1e947-Management-page-should-load-chromium-retry1\trace.zip]]
]]>
</system-out>
<error message="page.goto: net::ERR_CONNECTION_REFUSED at http://localhost:8080/login.html" type="Error">
<![CDATA[  [chromium] › admin-dashboard.test.js:67:7 › Admin Dashboard Management Pages › User Management page should load 

    Error: page.goto: net::ERR_CONNECTION_REFUSED at http://localhost:8080/login.html
    Call log:
      - navigating to "http://localhost:8080/login.html", waiting until "load"


       7 | // Login helper function
       8 | async function loginAsAdmin(page) {
    >  9 |   await page.goto(`${BASE_URL}/login.html`);
         |              ^
      10 |   await page.fill('input[name="email"]', ADMIN_EMAIL);
      11 |   await page.fill('input[name="password"]', ADMIN_PASSWORD);
      12 |   await page.click('button[type="submit"]');
        at loginAsAdmin (D:\Code\Java\SpingBoot\MyFirstSpringBoot\tests\admin-dashboard.test.js:9:14)
        at D:\Code\Java\SpingBoot\MyFirstSpringBoot\tests\admin-dashboard.test.js:20:11

    attachment #1: screenshot (image/png) ──────────────────────────────────────────────────────────
    test-results\admin-dashboard-Admin-Dash-1e947-Management-page-should-load-chromium\test-failed-1.png
    ────────────────────────────────────────────────────────────────────────────────────────────────

    attachment #2: video (video/webm) ──────────────────────────────────────────────────────────────
    test-results\admin-dashboard-Admin-Dash-1e947-Management-page-should-load-chromium\video.webm
    ────────────────────────────────────────────────────────────────────────────────────────────────

    Error Context: test-results\admin-dashboard-Admin-Dash-1e947-Management-page-should-load-chromium\error-context.md

    Retry #1 ───────────────────────────────────────────────────────────────────────────────────────

    Error: page.goto: net::ERR_CONNECTION_REFUSED at http://localhost:8080/login.html
    Call log:
      - navigating to "http://localhost:8080/login.html", waiting until "load"


       7 | // Login helper function
       8 | async function loginAsAdmin(page) {
    >  9 |   await page.goto(`${BASE_URL}/login.html`);
         |              ^
      10 |   await page.fill('input[name="email"]', ADMIN_EMAIL);
      11 |   await page.fill('input[name="password"]', ADMIN_PASSWORD);
      12 |   await page.click('button[type="submit"]');
        at loginAsAdmin (D:\Code\Java\SpingBoot\MyFirstSpringBoot\tests\admin-dashboard.test.js:9:14)
        at D:\Code\Java\SpingBoot\MyFirstSpringBoot\tests\admin-dashboard.test.js:20:11

    attachment #1: screenshot (image/png) ──────────────────────────────────────────────────────────
    test-results\admin-dashboard-Admin-Dash-1e947-Management-page-should-load-chromium-retry1\test-failed-1.png
    ────────────────────────────────────────────────────────────────────────────────────────────────

    attachment #2: video (video/webm) ──────────────────────────────────────────────────────────────
    test-results\admin-dashboard-Admin-Dash-1e947-Management-page-should-load-chromium-retry1\video.webm
    ────────────────────────────────────────────────────────────────────────────────────────────────

    Error Context: test-results\admin-dashboard-Admin-Dash-1e947-Management-page-should-load-chromium-retry1\error-context.md

    attachment #4: trace (application/zip) ─────────────────────────────────────────────────────────
    test-results\admin-dashboard-Admin-Dash-1e947-Management-page-should-load-chromium-retry1\trace.zip
    Usage:

        npx playwright show-trace test-results\admin-dashboard-Admin-Dash-1e947-Management-page-should-load-chromium-retry1\trace.zip

    ────────────────────────────────────────────────────────────────────────────────────────────────
]]>
</error>
</testcase>
<testcase name="Admin Dashboard Management Pages › User Management form has all required fields" classname="admin-dashboard.test.js" time="5.262">
<system-out>
<![CDATA[
[[ATTACHMENT|admin-dashboard-Admin-Dash-3b8dd-orm-has-all-required-fields-chromium\test-failed-1.png]]

[[ATTACHMENT|admin-dashboard-Admin-Dash-3b8dd-orm-has-all-required-fields-chromium\video.webm]]

[[ATTACHMENT|admin-dashboard-Admin-Dash-3b8dd-orm-has-all-required-fields-chromium\error-context.md]]

[[ATTACHMENT|admin-dashboard-Admin-Dash-3b8dd-orm-has-all-required-fields-chromium-retry1\test-failed-1.png]]

[[ATTACHMENT|admin-dashboard-Admin-Dash-3b8dd-orm-has-all-required-fields-chromium-retry1\video.webm]]

[[ATTACHMENT|admin-dashboard-Admin-Dash-3b8dd-orm-has-all-required-fields-chromium-retry1\error-context.md]]

[[ATTACHMENT|admin-dashboard-Admin-Dash-3b8dd-orm-has-all-required-fields-chromium-retry1\trace.zip]]
]]>
</system-out>
<error message="page.goto: net::ERR_CONNECTION_REFUSED at http://localhost:8080/login.html" type="Error">
<![CDATA[  [chromium] › admin-dashboard.test.js:76:7 › Admin Dashboard Management Pages › User Management form has all required fields 

    Error: page.goto: net::ERR_CONNECTION_REFUSED at http://localhost:8080/login.html
    Call log:
      - navigating to "http://localhost:8080/login.html", waiting until "load"


       7 | // Login helper function
       8 | async function loginAsAdmin(page) {
    >  9 |   await page.goto(`${BASE_URL}/login.html`);
         |              ^
      10 |   await page.fill('input[name="email"]', ADMIN_EMAIL);
      11 |   await page.fill('input[name="password"]', ADMIN_PASSWORD);
      12 |   await page.click('button[type="submit"]');
        at loginAsAdmin (D:\Code\Java\SpingBoot\MyFirstSpringBoot\tests\admin-dashboard.test.js:9:14)
        at D:\Code\Java\SpingBoot\MyFirstSpringBoot\tests\admin-dashboard.test.js:20:11

    attachment #1: screenshot (image/png) ──────────────────────────────────────────────────────────
    test-results\admin-dashboard-Admin-Dash-3b8dd-orm-has-all-required-fields-chromium\test-failed-1.png
    ────────────────────────────────────────────────────────────────────────────────────────────────

    attachment #2: video (video/webm) ──────────────────────────────────────────────────────────────
    test-results\admin-dashboard-Admin-Dash-3b8dd-orm-has-all-required-fields-chromium\video.webm
    ────────────────────────────────────────────────────────────────────────────────────────────────

    Error Context: test-results\admin-dashboard-Admin-Dash-3b8dd-orm-has-all-required-fields-chromium\error-context.md

    Retry #1 ───────────────────────────────────────────────────────────────────────────────────────

    Error: page.goto: net::ERR_CONNECTION_REFUSED at http://localhost:8080/login.html
    Call log:
      - navigating to "http://localhost:8080/login.html", waiting until "load"


       7 | // Login helper function
       8 | async function loginAsAdmin(page) {
    >  9 |   await page.goto(`${BASE_URL}/login.html`);
         |              ^
      10 |   await page.fill('input[name="email"]', ADMIN_EMAIL);
      11 |   await page.fill('input[name="password"]', ADMIN_PASSWORD);
      12 |   await page.click('button[type="submit"]');
        at loginAsAdmin (D:\Code\Java\SpingBoot\MyFirstSpringBoot\tests\admin-dashboard.test.js:9:14)
        at D:\Code\Java\SpingBoot\MyFirstSpringBoot\tests\admin-dashboard.test.js:20:11

    attachment #1: screenshot (image/png) ──────────────────────────────────────────────────────────
    test-results\admin-dashboard-Admin-Dash-3b8dd-orm-has-all-required-fields-chromium-retry1\test-failed-1.png
    ────────────────────────────────────────────────────────────────────────────────────────────────

    attachment #2: video (video/webm) ──────────────────────────────────────────────────────────────
    test-results\admin-dashboard-Admin-Dash-3b8dd-orm-has-all-required-fields-chromium-retry1\video.webm
    ────────────────────────────────────────────────────────────────────────────────────────────────

    Error Context: test-results\admin-dashboard-Admin-Dash-3b8dd-orm-has-all-required-fields-chromium-retry1\error-context.md

    attachment #4: trace (application/zip) ─────────────────────────────────────────────────────────
    test-results\admin-dashboard-Admin-Dash-3b8dd-orm-has-all-required-fields-chromium-retry1\trace.zip
    Usage:

        npx playwright show-trace test-results\admin-dashboard-Admin-Dash-3b8dd-orm-has-all-required-fields-chromium-retry1\trace.zip

    ────────────────────────────────────────────────────────────────────────────────────────────────
]]>
</error>
</testcase>
<testcase name="Admin Dashboard Management Pages › User Management search functionality works" classname="admin-dashboard.test.js" time="5.239">
<system-out>
<![CDATA[
[[ATTACHMENT|admin-dashboard-Admin-Dash-7c07f--search-functionality-works-chromium\test-failed-1.png]]

[[ATTACHMENT|admin-dashboard-Admin-Dash-7c07f--search-functionality-works-chromium\video.webm]]

[[ATTACHMENT|admin-dashboard-Admin-Dash-7c07f--search-functionality-works-chromium\error-context.md]]

[[ATTACHMENT|admin-dashboard-Admin-Dash-7c07f--search-functionality-works-chromium-retry1\test-failed-1.png]]

[[ATTACHMENT|admin-dashboard-Admin-Dash-7c07f--search-functionality-works-chromium-retry1\video.webm]]

[[ATTACHMENT|admin-dashboard-Admin-Dash-7c07f--search-functionality-works-chromium-retry1\error-context.md]]

[[ATTACHMENT|admin-dashboard-Admin-Dash-7c07f--search-functionality-works-chromium-retry1\trace.zip]]
]]>
</system-out>
<error message="page.goto: net::ERR_CONNECTION_REFUSED at http://localhost:8080/login.html" type="Error">
<![CDATA[  [chromium] › admin-dashboard.test.js:92:7 › Admin Dashboard Management Pages › User Management search functionality works 

    Error: page.goto: net::ERR_CONNECTION_REFUSED at http://localhost:8080/login.html
    Call log:
      - navigating to "http://localhost:8080/login.html", waiting until "load"


       7 | // Login helper function
       8 | async function loginAsAdmin(page) {
    >  9 |   await page.goto(`${BASE_URL}/login.html`);
         |              ^
      10 |   await page.fill('input[name="email"]', ADMIN_EMAIL);
      11 |   await page.fill('input[name="password"]', ADMIN_PASSWORD);
      12 |   await page.click('button[type="submit"]');
        at loginAsAdmin (D:\Code\Java\SpingBoot\MyFirstSpringBoot\tests\admin-dashboard.test.js:9:14)
        at D:\Code\Java\SpingBoot\MyFirstSpringBoot\tests\admin-dashboard.test.js:20:11

    attachment #1: screenshot (image/png) ──────────────────────────────────────────────────────────
    test-results\admin-dashboard-Admin-Dash-7c07f--search-functionality-works-chromium\test-failed-1.png
    ────────────────────────────────────────────────────────────────────────────────────────────────

    attachment #2: video (video/webm) ──────────────────────────────────────────────────────────────
    test-results\admin-dashboard-Admin-Dash-7c07f--search-functionality-works-chromium\video.webm
    ────────────────────────────────────────────────────────────────────────────────────────────────

    Error Context: test-results\admin-dashboard-Admin-Dash-7c07f--search-functionality-works-chromium\error-context.md

    Retry #1 ───────────────────────────────────────────────────────────────────────────────────────

    Error: page.goto: net::ERR_CONNECTION_REFUSED at http://localhost:8080/login.html
    Call log:
      - navigating to "http://localhost:8080/login.html", waiting until "load"


       7 | // Login helper function
       8 | async function loginAsAdmin(page) {
    >  9 |   await page.goto(`${BASE_URL}/login.html`);
         |              ^
      10 |   await page.fill('input[name="email"]', ADMIN_EMAIL);
      11 |   await page.fill('input[name="password"]', ADMIN_PASSWORD);
      12 |   await page.click('button[type="submit"]');
        at loginAsAdmin (D:\Code\Java\SpingBoot\MyFirstSpringBoot\tests\admin-dashboard.test.js:9:14)
        at D:\Code\Java\SpingBoot\MyFirstSpringBoot\tests\admin-dashboard.test.js:20:11

    attachment #1: screenshot (image/png) ──────────────────────────────────────────────────────────
    test-results\admin-dashboard-Admin-Dash-7c07f--search-functionality-works-chromium-retry1\test-failed-1.png
    ────────────────────────────────────────────────────────────────────────────────────────────────

    attachment #2: video (video/webm) ──────────────────────────────────────────────────────────────
    test-results\admin-dashboard-Admin-Dash-7c07f--search-functionality-works-chromium-retry1\video.webm
    ────────────────────────────────────────────────────────────────────────────────────────────────

    Error Context: test-results\admin-dashboard-Admin-Dash-7c07f--search-functionality-works-chromium-retry1\error-context.md

    attachment #4: trace (application/zip) ─────────────────────────────────────────────────────────
    test-results\admin-dashboard-Admin-Dash-7c07f--search-functionality-works-chromium-retry1\trace.zip
    Usage:

        npx playwright show-trace test-results\admin-dashboard-Admin-Dash-7c07f--search-functionality-works-chromium-retry1\trace.zip

    ────────────────────────────────────────────────────────────────────────────────────────────────
]]>
</error>
</testcase>
<testcase name="Admin Dashboard Management Pages › Movie Management page should load" classname="admin-dashboard.test.js" time="5.259">
<system-out>
<![CDATA[
[[ATTACHMENT|admin-dashboard-Admin-Dash-5463c-Management-page-should-load-chromium\test-failed-1.png]]

[[ATTACHMENT|admin-dashboard-Admin-Dash-5463c-Management-page-should-load-chromium\video.webm]]

[[ATTACHMENT|admin-dashboard-Admin-Dash-5463c-Management-page-should-load-chromium\error-context.md]]

[[ATTACHMENT|admin-dashboard-Admin-Dash-5463c-Management-page-should-load-chromium-retry1\test-failed-1.png]]

[[ATTACHMENT|admin-dashboard-Admin-Dash-5463c-Management-page-should-load-chromium-retry1\video.webm]]

[[ATTACHMENT|admin-dashboard-Admin-Dash-5463c-Management-page-should-load-chromium-retry1\error-context.md]]

[[ATTACHMENT|admin-dashboard-Admin-Dash-5463c-Management-page-should-load-chromium-retry1\trace.zip]]
]]>
</system-out>
<error message="page.goto: net::ERR_CONNECTION_REFUSED at http://localhost:8080/login.html" type="Error">
<![CDATA[  [chromium] › admin-dashboard.test.js:109:7 › Admin Dashboard Management Pages › Movie Management page should load 

    Error: page.goto: net::ERR_CONNECTION_REFUSED at http://localhost:8080/login.html
    Call log:
      - navigating to "http://localhost:8080/login.html", waiting until "load"


       7 | // Login helper function
       8 | async function loginAsAdmin(page) {
    >  9 |   await page.goto(`${BASE_URL}/login.html`);
         |              ^
      10 |   await page.fill('input[name="email"]', ADMIN_EMAIL);
      11 |   await page.fill('input[name="password"]', ADMIN_PASSWORD);
      12 |   await page.click('button[type="submit"]');
        at loginAsAdmin (D:\Code\Java\SpingBoot\MyFirstSpringBoot\tests\admin-dashboard.test.js:9:14)
        at D:\Code\Java\SpingBoot\MyFirstSpringBoot\tests\admin-dashboard.test.js:20:11

    attachment #1: screenshot (image/png) ──────────────────────────────────────────────────────────
    test-results\admin-dashboard-Admin-Dash-5463c-Management-page-should-load-chromium\test-failed-1.png
    ────────────────────────────────────────────────────────────────────────────────────────────────

    attachment #2: video (video/webm) ──────────────────────────────────────────────────────────────
    test-results\admin-dashboard-Admin-Dash-5463c-Management-page-should-load-chromium\video.webm
    ────────────────────────────────────────────────────────────────────────────────────────────────

    Error Context: test-results\admin-dashboard-Admin-Dash-5463c-Management-page-should-load-chromium\error-context.md

    Retry #1 ───────────────────────────────────────────────────────────────────────────────────────

    Error: page.goto: net::ERR_CONNECTION_REFUSED at http://localhost:8080/login.html
    Call log:
      - navigating to "http://localhost:8080/login.html", waiting until "load"


       7 | // Login helper function
       8 | async function loginAsAdmin(page) {
    >  9 |   await page.goto(`${BASE_URL}/login.html`);
         |              ^
      10 |   await page.fill('input[name="email"]', ADMIN_EMAIL);
      11 |   await page.fill('input[name="password"]', ADMIN_PASSWORD);
      12 |   await page.click('button[type="submit"]');
        at loginAsAdmin (D:\Code\Java\SpingBoot\MyFirstSpringBoot\tests\admin-dashboard.test.js:9:14)
        at D:\Code\Java\SpingBoot\MyFirstSpringBoot\tests\admin-dashboard.test.js:20:11

    attachment #1: screenshot (image/png) ──────────────────────────────────────────────────────────
    test-results\admin-dashboard-Admin-Dash-5463c-Management-page-should-load-chromium-retry1\test-failed-1.png
    ────────────────────────────────────────────────────────────────────────────────────────────────

    attachment #2: video (video/webm) ──────────────────────────────────────────────────────────────
    test-results\admin-dashboard-Admin-Dash-5463c-Management-page-should-load-chromium-retry1\video.webm
    ────────────────────────────────────────────────────────────────────────────────────────────────

    Error Context: test-results\admin-dashboard-Admin-Dash-5463c-Management-page-should-load-chromium-retry1\error-context.md

    attachment #4: trace (application/zip) ─────────────────────────────────────────────────────────
    test-results\admin-dashboard-Admin-Dash-5463c-Management-page-should-load-chromium-retry1\trace.zip
    Usage:

        npx playwright show-trace test-results\admin-dashboard-Admin-Dash-5463c-Management-page-should-load-chromium-retry1\trace.zip

    ────────────────────────────────────────────────────────────────────────────────────────────────
]]>
</error>
</testcase>
<testcase name="Admin Dashboard Management Pages › Movie Management form has all required fields" classname="admin-dashboard.test.js" time="5.257">
<system-out>
<![CDATA[
[[ATTACHMENT|admin-dashboard-Admin-Dash-0a68c-orm-has-all-required-fields-chromium\test-failed-1.png]]

[[ATTACHMENT|admin-dashboard-Admin-Dash-0a68c-orm-has-all-required-fields-chromium\video.webm]]

[[ATTACHMENT|admin-dashboard-Admin-Dash-0a68c-orm-has-all-required-fields-chromium\error-context.md]]

[[ATTACHMENT|admin-dashboard-Admin-Dash-0a68c-orm-has-all-required-fields-chromium-retry1\test-failed-1.png]]

[[ATTACHMENT|admin-dashboard-Admin-Dash-0a68c-orm-has-all-required-fields-chromium-retry1\video.webm]]

[[ATTACHMENT|admin-dashboard-Admin-Dash-0a68c-orm-has-all-required-fields-chromium-retry1\error-context.md]]

[[ATTACHMENT|admin-dashboard-Admin-Dash-0a68c-orm-has-all-required-fields-chromium-retry1\trace.zip]]
]]>
</system-out>
<error message="page.goto: net::ERR_CONNECTION_REFUSED at http://localhost:8080/login.html" type="Error">
<![CDATA[  [chromium] › admin-dashboard.test.js:117:7 › Admin Dashboard Management Pages › Movie Management form has all required fields 

    Error: page.goto: net::ERR_CONNECTION_REFUSED at http://localhost:8080/login.html
    Call log:
      - navigating to "http://localhost:8080/login.html", waiting until "load"


       7 | // Login helper function
       8 | async function loginAsAdmin(page) {
    >  9 |   await page.goto(`${BASE_URL}/login.html`);
         |              ^
      10 |   await page.fill('input[name="email"]', ADMIN_EMAIL);
      11 |   await page.fill('input[name="password"]', ADMIN_PASSWORD);
      12 |   await page.click('button[type="submit"]');
        at loginAsAdmin (D:\Code\Java\SpingBoot\MyFirstSpringBoot\tests\admin-dashboard.test.js:9:14)
        at D:\Code\Java\SpingBoot\MyFirstSpringBoot\tests\admin-dashboard.test.js:20:11

    attachment #1: screenshot (image/png) ──────────────────────────────────────────────────────────
    test-results\admin-dashboard-Admin-Dash-0a68c-orm-has-all-required-fields-chromium\test-failed-1.png
    ────────────────────────────────────────────────────────────────────────────────────────────────

    attachment #2: video (video/webm) ──────────────────────────────────────────────────────────────
    test-results\admin-dashboard-Admin-Dash-0a68c-orm-has-all-required-fields-chromium\video.webm
    ────────────────────────────────────────────────────────────────────────────────────────────────

    Error Context: test-results\admin-dashboard-Admin-Dash-0a68c-orm-has-all-required-fields-chromium\error-context.md

    Retry #1 ───────────────────────────────────────────────────────────────────────────────────────

    Error: page.goto: net::ERR_CONNECTION_REFUSED at http://localhost:8080/login.html
    Call log:
      - navigating to "http://localhost:8080/login.html", waiting until "load"


       7 | // Login helper function
       8 | async function loginAsAdmin(page) {
    >  9 |   await page.goto(`${BASE_URL}/login.html`);
         |              ^
      10 |   await page.fill('input[name="email"]', ADMIN_EMAIL);
      11 |   await page.fill('input[name="password"]', ADMIN_PASSWORD);
      12 |   await page.click('button[type="submit"]');
        at loginAsAdmin (D:\Code\Java\SpingBoot\MyFirstSpringBoot\tests\admin-dashboard.test.js:9:14)
        at D:\Code\Java\SpingBoot\MyFirstSpringBoot\tests\admin-dashboard.test.js:20:11

    attachment #1: screenshot (image/png) ──────────────────────────────────────────────────────────
    test-results\admin-dashboard-Admin-Dash-0a68c-orm-has-all-required-fields-chromium-retry1\test-failed-1.png
    ────────────────────────────────────────────────────────────────────────────────────────────────

    attachment #2: video (video/webm) ──────────────────────────────────────────────────────────────
    test-results\admin-dashboard-Admin-Dash-0a68c-orm-has-all-required-fields-chromium-retry1\video.webm
    ────────────────────────────────────────────────────────────────────────────────────────────────

    Error Context: test-results\admin-dashboard-Admin-Dash-0a68c-orm-has-all-required-fields-chromium-retry1\error-context.md

    attachment #4: trace (application/zip) ─────────────────────────────────────────────────────────
    test-results\admin-dashboard-Admin-Dash-0a68c-orm-has-all-required-fields-chromium-retry1\trace.zip
    Usage:

        npx playwright show-trace test-results\admin-dashboard-Admin-Dash-0a68c-orm-has-all-required-fields-chromium-retry1\trace.zip

    ────────────────────────────────────────────────────────────────────────────────────────────────
]]>
</error>
</testcase>
<testcase name="Admin Dashboard Management Pages › Movie Management displays movies in grid" classname="admin-dashboard.test.js" time="5.277">
<system-out>
<![CDATA[
[[ATTACHMENT|admin-dashboard-Admin-Dash-60e8b-ent-displays-movies-in-grid-chromium\test-failed-1.png]]

[[ATTACHMENT|admin-dashboard-Admin-Dash-60e8b-ent-displays-movies-in-grid-chromium\video.webm]]

[[ATTACHMENT|admin-dashboard-Admin-Dash-60e8b-ent-displays-movies-in-grid-chromium\error-context.md]]

[[ATTACHMENT|admin-dashboard-Admin-Dash-60e8b-ent-displays-movies-in-grid-chromium-retry1\test-failed-1.png]]

[[ATTACHMENT|admin-dashboard-Admin-Dash-60e8b-ent-displays-movies-in-grid-chromium-retry1\video.webm]]

[[ATTACHMENT|admin-dashboard-Admin-Dash-60e8b-ent-displays-movies-in-grid-chromium-retry1\error-context.md]]

[[ATTACHMENT|admin-dashboard-Admin-Dash-60e8b-ent-displays-movies-in-grid-chromium-retry1\trace.zip]]
]]>
</system-out>
<error message="page.goto: net::ERR_CONNECTION_REFUSED at http://localhost:8080/login.html" type="Error">
<![CDATA[  [chromium] › admin-dashboard.test.js:130:7 › Admin Dashboard Management Pages › Movie Management displays movies in grid 

    Error: page.goto: net::ERR_CONNECTION_REFUSED at http://localhost:8080/login.html
    Call log:
      - navigating to "http://localhost:8080/login.html", waiting until "load"


       7 | // Login helper function
       8 | async function loginAsAdmin(page) {
    >  9 |   await page.goto(`${BASE_URL}/login.html`);
         |              ^
      10 |   await page.fill('input[name="email"]', ADMIN_EMAIL);
      11 |   await page.fill('input[name="password"]', ADMIN_PASSWORD);
      12 |   await page.click('button[type="submit"]');
        at loginAsAdmin (D:\Code\Java\SpingBoot\MyFirstSpringBoot\tests\admin-dashboard.test.js:9:14)
        at D:\Code\Java\SpingBoot\MyFirstSpringBoot\tests\admin-dashboard.test.js:20:11

    attachment #1: screenshot (image/png) ──────────────────────────────────────────────────────────
    test-results\admin-dashboard-Admin-Dash-60e8b-ent-displays-movies-in-grid-chromium\test-failed-1.png
    ────────────────────────────────────────────────────────────────────────────────────────────────

    attachment #2: video (video/webm) ──────────────────────────────────────────────────────────────
    test-results\admin-dashboard-Admin-Dash-60e8b-ent-displays-movies-in-grid-chromium\video.webm
    ────────────────────────────────────────────────────────────────────────────────────────────────

    Error Context: test-results\admin-dashboard-Admin-Dash-60e8b-ent-displays-movies-in-grid-chromium\error-context.md

    Retry #1 ───────────────────────────────────────────────────────────────────────────────────────

    Error: page.goto: net::ERR_CONNECTION_REFUSED at http://localhost:8080/login.html
    Call log:
      - navigating to "http://localhost:8080/login.html", waiting until "load"


       7 | // Login helper function
       8 | async function loginAsAdmin(page) {
    >  9 |   await page.goto(`${BASE_URL}/login.html`);
         |              ^
      10 |   await page.fill('input[name="email"]', ADMIN_EMAIL);
      11 |   await page.fill('input[name="password"]', ADMIN_PASSWORD);
      12 |   await page.click('button[type="submit"]');
        at loginAsAdmin (D:\Code\Java\SpingBoot\MyFirstSpringBoot\tests\admin-dashboard.test.js:9:14)
        at D:\Code\Java\SpingBoot\MyFirstSpringBoot\tests\admin-dashboard.test.js:20:11

    attachment #1: screenshot (image/png) ──────────────────────────────────────────────────────────
    test-results\admin-dashboard-Admin-Dash-60e8b-ent-displays-movies-in-grid-chromium-retry1\test-failed-1.png
    ────────────────────────────────────────────────────────────────────────────────────────────────

    attachment #2: video (video/webm) ──────────────────────────────────────────────────────────────
    test-results\admin-dashboard-Admin-Dash-60e8b-ent-displays-movies-in-grid-chromium-retry1\video.webm
    ────────────────────────────────────────────────────────────────────────────────────────────────

    Error Context: test-results\admin-dashboard-Admin-Dash-60e8b-ent-displays-movies-in-grid-chromium-retry1\error-context.md

    attachment #4: trace (application/zip) ─────────────────────────────────────────────────────────
    test-results\admin-dashboard-Admin-Dash-60e8b-ent-displays-movies-in-grid-chromium-retry1\trace.zip
    Usage:

        npx playwright show-trace test-results\admin-dashboard-Admin-Dash-60e8b-ent-displays-movies-in-grid-chromium-retry1\trace.zip

    ────────────────────────────────────────────────────────────────────────────────────────────────
]]>
</error>
</testcase>
<testcase name="Admin Dashboard Management Pages › Movie Management search works" classname="admin-dashboard.test.js" time="5.293">
<system-out>
<![CDATA[
[[ATTACHMENT|admin-dashboard-Admin-Dash-b4a61-vie-Management-search-works-chromium\test-failed-1.png]]

[[ATTACHMENT|admin-dashboard-Admin-Dash-b4a61-vie-Management-search-works-chromium\video.webm]]

[[ATTACHMENT|admin-dashboard-Admin-Dash-b4a61-vie-Management-search-works-chromium\error-context.md]]

[[ATTACHMENT|admin-dashboard-Admin-Dash-b4a61-vie-Management-search-works-chromium-retry1\test-failed-1.png]]

[[ATTACHMENT|admin-dashboard-Admin-Dash-b4a61-vie-Management-search-works-chromium-retry1\video.webm]]

[[ATTACHMENT|admin-dashboard-Admin-Dash-b4a61-vie-Management-search-works-chromium-retry1\error-context.md]]

[[ATTACHMENT|admin-dashboard-Admin-Dash-b4a61-vie-Management-search-works-chromium-retry1\trace.zip]]
]]>
</system-out>
<error message="page.goto: net::ERR_CONNECTION_REFUSED at http://localhost:8080/login.html" type="Error">
<![CDATA[  [chromium] › admin-dashboard.test.js:145:7 › Admin Dashboard Management Pages › Movie Management search works 

    Error: page.goto: net::ERR_CONNECTION_REFUSED at http://localhost:8080/login.html
    Call log:
      - navigating to "http://localhost:8080/login.html", waiting until "load"


       7 | // Login helper function
       8 | async function loginAsAdmin(page) {
    >  9 |   await page.goto(`${BASE_URL}/login.html`);
         |              ^
      10 |   await page.fill('input[name="email"]', ADMIN_EMAIL);
      11 |   await page.fill('input[name="password"]', ADMIN_PASSWORD);
      12 |   await page.click('button[type="submit"]');
        at loginAsAdmin (D:\Code\Java\SpingBoot\MyFirstSpringBoot\tests\admin-dashboard.test.js:9:14)
        at D:\Code\Java\SpingBoot\MyFirstSpringBoot\tests\admin-dashboard.test.js:20:11

    attachment #1: screenshot (image/png) ──────────────────────────────────────────────────────────
    test-results\admin-dashboard-Admin-Dash-b4a61-vie-Management-search-works-chromium\test-failed-1.png
    ────────────────────────────────────────────────────────────────────────────────────────────────

    attachment #2: video (video/webm) ──────────────────────────────────────────────────────────────
    test-results\admin-dashboard-Admin-Dash-b4a61-vie-Management-search-works-chromium\video.webm
    ────────────────────────────────────────────────────────────────────────────────────────────────

    Error Context: test-results\admin-dashboard-Admin-Dash-b4a61-vie-Management-search-works-chromium\error-context.md

    Retry #1 ───────────────────────────────────────────────────────────────────────────────────────

    Error: page.goto: net::ERR_CONNECTION_REFUSED at http://localhost:8080/login.html
    Call log:
      - navigating to "http://localhost:8080/login.html", waiting until "load"


       7 | // Login helper function
       8 | async function loginAsAdmin(page) {
    >  9 |   await page.goto(`${BASE_URL}/login.html`);
         |              ^
      10 |   await page.fill('input[name="email"]', ADMIN_EMAIL);
      11 |   await page.fill('input[name="password"]', ADMIN_PASSWORD);
      12 |   await page.click('button[type="submit"]');
        at loginAsAdmin (D:\Code\Java\SpingBoot\MyFirstSpringBoot\tests\admin-dashboard.test.js:9:14)
        at D:\Code\Java\SpingBoot\MyFirstSpringBoot\tests\admin-dashboard.test.js:20:11

    attachment #1: screenshot (image/png) ──────────────────────────────────────────────────────────
    test-results\admin-dashboard-Admin-Dash-b4a61-vie-Management-search-works-chromium-retry1\test-failed-1.png
    ────────────────────────────────────────────────────────────────────────────────────────────────

    attachment #2: video (video/webm) ──────────────────────────────────────────────────────────────
    test-results\admin-dashboard-Admin-Dash-b4a61-vie-Management-search-works-chromium-retry1\video.webm
    ────────────────────────────────────────────────────────────────────────────────────────────────

    Error Context: test-results\admin-dashboard-Admin-Dash-b4a61-vie-Management-search-works-chromium-retry1\error-context.md

    attachment #4: trace (application/zip) ─────────────────────────────────────────────────────────
    test-results\admin-dashboard-Admin-Dash-b4a61-vie-Management-search-works-chromium-retry1\trace.zip
    Usage:

        npx playwright show-trace test-results\admin-dashboard-Admin-Dash-b4a61-vie-Management-search-works-chromium-retry1\trace.zip

    ────────────────────────────────────────────────────────────────────────────────────────────────
]]>
</error>
</testcase>
<testcase name="Admin Dashboard Management Pages › Theater Management page should load" classname="admin-dashboard.test.js" time="5.294">
<system-out>
<![CDATA[
[[ATTACHMENT|admin-dashboard-Admin-Dash-34b2b-Management-page-should-load-chromium\test-failed-1.png]]

[[ATTACHMENT|admin-dashboard-Admin-Dash-34b2b-Management-page-should-load-chromium\video.webm]]

[[ATTACHMENT|admin-dashboard-Admin-Dash-34b2b-Management-page-should-load-chromium\error-context.md]]

[[ATTACHMENT|admin-dashboard-Admin-Dash-34b2b-Management-page-should-load-chromium-retry1\test-failed-1.png]]

[[ATTACHMENT|admin-dashboard-Admin-Dash-34b2b-Management-page-should-load-chromium-retry1\video.webm]]

[[ATTACHMENT|admin-dashboard-Admin-Dash-34b2b-Management-page-should-load-chromium-retry1\error-context.md]]

[[ATTACHMENT|admin-dashboard-Admin-Dash-34b2b-Management-page-should-load-chromium-retry1\trace.zip]]
]]>
</system-out>
<error message="page.goto: net::ERR_CONNECTION_REFUSED at http://localhost:8080/login.html" type="Error">
<![CDATA[  [chromium] › admin-dashboard.test.js:162:7 › Admin Dashboard Management Pages › Theater Management page should load 

    Error: page.goto: net::ERR_CONNECTION_REFUSED at http://localhost:8080/login.html
    Call log:
      - navigating to "http://localhost:8080/login.html", waiting until "load"


       7 | // Login helper function
       8 | async function loginAsAdmin(page) {
    >  9 |   await page.goto(`${BASE_URL}/login.html`);
         |              ^
      10 |   await page.fill('input[name="email"]', ADMIN_EMAIL);
      11 |   await page.fill('input[name="password"]', ADMIN_PASSWORD);
      12 |   await page.click('button[type="submit"]');
        at loginAsAdmin (D:\Code\Java\SpingBoot\MyFirstSpringBoot\tests\admin-dashboard.test.js:9:14)
        at D:\Code\Java\SpingBoot\MyFirstSpringBoot\tests\admin-dashboard.test.js:20:11

    attachment #1: screenshot (image/png) ──────────────────────────────────────────────────────────
    test-results\admin-dashboard-Admin-Dash-34b2b-Management-page-should-load-chromium\test-failed-1.png
    ────────────────────────────────────────────────────────────────────────────────────────────────

    attachment #2: video (video/webm) ──────────────────────────────────────────────────────────────
    test-results\admin-dashboard-Admin-Dash-34b2b-Management-page-should-load-chromium\video.webm
    ────────────────────────────────────────────────────────────────────────────────────────────────

    Error Context: test-results\admin-dashboard-Admin-Dash-34b2b-Management-page-should-load-chromium\error-context.md

    Retry #1 ───────────────────────────────────────────────────────────────────────────────────────

    Error: page.goto: net::ERR_CONNECTION_REFUSED at http://localhost:8080/login.html
    Call log:
      - navigating to "http://localhost:8080/login.html", waiting until "load"


       7 | // Login helper function
       8 | async function loginAsAdmin(page) {
    >  9 |   await page.goto(`${BASE_URL}/login.html`);
         |              ^
      10 |   await page.fill('input[name="email"]', ADMIN_EMAIL);
      11 |   await page.fill('input[name="password"]', ADMIN_PASSWORD);
      12 |   await page.click('button[type="submit"]');
        at loginAsAdmin (D:\Code\Java\SpingBoot\MyFirstSpringBoot\tests\admin-dashboard.test.js:9:14)
        at D:\Code\Java\SpingBoot\MyFirstSpringBoot\tests\admin-dashboard.test.js:20:11

    attachment #1: screenshot (image/png) ──────────────────────────────────────────────────────────
    test-results\admin-dashboard-Admin-Dash-34b2b-Management-page-should-load-chromium-retry1\test-failed-1.png
    ────────────────────────────────────────────────────────────────────────────────────────────────

    attachment #2: video (video/webm) ──────────────────────────────────────────────────────────────
    test-results\admin-dashboard-Admin-Dash-34b2b-Management-page-should-load-chromium-retry1\video.webm
    ────────────────────────────────────────────────────────────────────────────────────────────────

    Error Context: test-results\admin-dashboard-Admin-Dash-34b2b-Management-page-should-load-chromium-retry1\error-context.md

    attachment #4: trace (application/zip) ─────────────────────────────────────────────────────────
    test-results\admin-dashboard-Admin-Dash-34b2b-Management-page-should-load-chromium-retry1\trace.zip
    Usage:

        npx playwright show-trace test-results\admin-dashboard-Admin-Dash-34b2b-Management-page-should-load-chromium-retry1\trace.zip

    ────────────────────────────────────────────────────────────────────────────────────────────────
]]>
</error>
</testcase>
<testcase name="Admin Dashboard Management Pages › Theater Management form has all required fields" classname="admin-dashboard.test.js" time="5.255">
<system-out>
<![CDATA[
[[ATTACHMENT|admin-dashboard-Admin-Dash-0dc14-orm-has-all-required-fields-chromium\test-failed-1.png]]

[[ATTACHMENT|admin-dashboard-Admin-Dash-0dc14-orm-has-all-required-fields-chromium\video.webm]]

[[ATTACHMENT|admin-dashboard-Admin-Dash-0dc14-orm-has-all-required-fields-chromium\error-context.md]]

[[ATTACHMENT|admin-dashboard-Admin-Dash-0dc14-orm-has-all-required-fields-chromium-retry1\test-failed-1.png]]

[[ATTACHMENT|admin-dashboard-Admin-Dash-0dc14-orm-has-all-required-fields-chromium-retry1\video.webm]]

[[ATTACHMENT|admin-dashboard-Admin-Dash-0dc14-orm-has-all-required-fields-chromium-retry1\error-context.md]]

[[ATTACHMENT|admin-dashboard-Admin-Dash-0dc14-orm-has-all-required-fields-chromium-retry1\trace.zip]]
]]>
</system-out>
<error message="page.goto: net::ERR_CONNECTION_REFUSED at http://localhost:8080/login.html" type="Error">
<![CDATA[  [chromium] › admin-dashboard.test.js:171:7 › Admin Dashboard Management Pages › Theater Management form has all required fields 

    Error: page.goto: net::ERR_CONNECTION_REFUSED at http://localhost:8080/login.html
    Call log:
      - navigating to "http://localhost:8080/login.html", waiting until "load"


       7 | // Login helper function
       8 | async function loginAsAdmin(page) {
    >  9 |   await page.goto(`${BASE_URL}/login.html`);
         |              ^
      10 |   await page.fill('input[name="email"]', ADMIN_EMAIL);
      11 |   await page.fill('input[name="password"]', ADMIN_PASSWORD);
      12 |   await page.click('button[type="submit"]');
        at loginAsAdmin (D:\Code\Java\SpingBoot\MyFirstSpringBoot\tests\admin-dashboard.test.js:9:14)
        at D:\Code\Java\SpingBoot\MyFirstSpringBoot\tests\admin-dashboard.test.js:20:11

    attachment #1: screenshot (image/png) ──────────────────────────────────────────────────────────
    test-results\admin-dashboard-Admin-Dash-0dc14-orm-has-all-required-fields-chromium\test-failed-1.png
    ────────────────────────────────────────────────────────────────────────────────────────────────

    attachment #2: video (video/webm) ──────────────────────────────────────────────────────────────
    test-results\admin-dashboard-Admin-Dash-0dc14-orm-has-all-required-fields-chromium\video.webm
    ────────────────────────────────────────────────────────────────────────────────────────────────

    Error Context: test-results\admin-dashboard-Admin-Dash-0dc14-orm-has-all-required-fields-chromium\error-context.md

    Retry #1 ───────────────────────────────────────────────────────────────────────────────────────

    Error: page.goto: net::ERR_CONNECTION_REFUSED at http://localhost:8080/login.html
    Call log:
      - navigating to "http://localhost:8080/login.html", waiting until "load"


       7 | // Login helper function
       8 | async function loginAsAdmin(page) {
    >  9 |   await page.goto(`${BASE_URL}/login.html`);
         |              ^
      10 |   await page.fill('input[name="email"]', ADMIN_EMAIL);
      11 |   await page.fill('input[name="password"]', ADMIN_PASSWORD);
      12 |   await page.click('button[type="submit"]');
        at loginAsAdmin (D:\Code\Java\SpingBoot\MyFirstSpringBoot\tests\admin-dashboard.test.js:9:14)
        at D:\Code\Java\SpingBoot\MyFirstSpringBoot\tests\admin-dashboard.test.js:20:11

    attachment #1: screenshot (image/png) ──────────────────────────────────────────────────────────
    test-results\admin-dashboard-Admin-Dash-0dc14-orm-has-all-required-fields-chromium-retry1\test-failed-1.png
    ────────────────────────────────────────────────────────────────────────────────────────────────

    attachment #2: video (video/webm) ──────────────────────────────────────────────────────────────
    test-results\admin-dashboard-Admin-Dash-0dc14-orm-has-all-required-fields-chromium-retry1\video.webm
    ────────────────────────────────────────────────────────────────────────────────────────────────

    Error Context: test-results\admin-dashboard-Admin-Dash-0dc14-orm-has-all-required-fields-chromium-retry1\error-context.md

    attachment #4: trace (application/zip) ─────────────────────────────────────────────────────────
    test-results\admin-dashboard-Admin-Dash-0dc14-orm-has-all-required-fields-chromium-retry1\trace.zip
    Usage:

        npx playwright show-trace test-results\admin-dashboard-Admin-Dash-0dc14-orm-has-all-required-fields-chromium-retry1\trace.zip

    ────────────────────────────────────────────────────────────────────────────────────────────────
]]>
</error>
</testcase>
<testcase name="Admin Dashboard Management Pages › Screen Management page should load" classname="admin-dashboard.test.js" time="5.336">
<system-out>
<![CDATA[
[[ATTACHMENT|admin-dashboard-Admin-Dash-e67fb-Management-page-should-load-chromium\test-failed-1.png]]

[[ATTACHMENT|admin-dashboard-Admin-Dash-e67fb-Management-page-should-load-chromium\video.webm]]

[[ATTACHMENT|admin-dashboard-Admin-Dash-e67fb-Management-page-should-load-chromium\error-context.md]]

[[ATTACHMENT|admin-dashboard-Admin-Dash-e67fb-Management-page-should-load-chromium-retry1\test-failed-1.png]]

[[ATTACHMENT|admin-dashboard-Admin-Dash-e67fb-Management-page-should-load-chromium-retry1\video.webm]]

[[ATTACHMENT|admin-dashboard-Admin-Dash-e67fb-Management-page-should-load-chromium-retry1\error-context.md]]

[[ATTACHMENT|admin-dashboard-Admin-Dash-e67fb-Management-page-should-load-chromium-retry1\trace.zip]]
]]>
</system-out>
<error message="page.goto: net::ERR_CONNECTION_REFUSED at http://localhost:8080/login.html" type="Error">
<![CDATA[  [chromium] › admin-dashboard.test.js:183:7 › Admin Dashboard Management Pages › Screen Management page should load 

    Error: page.goto: net::ERR_CONNECTION_REFUSED at http://localhost:8080/login.html
    Call log:
      - navigating to "http://localhost:8080/login.html", waiting until "load"


       7 | // Login helper function
       8 | async function loginAsAdmin(page) {
    >  9 |   await page.goto(`${BASE_URL}/login.html`);
         |              ^
      10 |   await page.fill('input[name="email"]', ADMIN_EMAIL);
      11 |   await page.fill('input[name="password"]', ADMIN_PASSWORD);
      12 |   await page.click('button[type="submit"]');
        at loginAsAdmin (D:\Code\Java\SpingBoot\MyFirstSpringBoot\tests\admin-dashboard.test.js:9:14)
        at D:\Code\Java\SpingBoot\MyFirstSpringBoot\tests\admin-dashboard.test.js:20:11

    attachment #1: screenshot (image/png) ──────────────────────────────────────────────────────────
    test-results\admin-dashboard-Admin-Dash-e67fb-Management-page-should-load-chromium\test-failed-1.png
    ────────────────────────────────────────────────────────────────────────────────────────────────

    attachment #2: video (video/webm) ──────────────────────────────────────────────────────────────
    test-results\admin-dashboard-Admin-Dash-e67fb-Management-page-should-load-chromium\video.webm
    ────────────────────────────────────────────────────────────────────────────────────────────────

    Error Context: test-results\admin-dashboard-Admin-Dash-e67fb-Management-page-should-load-chromium\error-context.md

    Retry #1 ───────────────────────────────────────────────────────────────────────────────────────

    Error: page.goto: net::ERR_CONNECTION_REFUSED at http://localhost:8080/login.html
    Call log:
      - navigating to "http://localhost:8080/login.html", waiting until "load"


       7 | // Login helper function
       8 | async function loginAsAdmin(page) {
    >  9 |   await page.goto(`${BASE_URL}/login.html`);
         |              ^
      10 |   await page.fill('input[name="email"]', ADMIN_EMAIL);
      11 |   await page.fill('input[name="password"]', ADMIN_PASSWORD);
      12 |   await page.click('button[type="submit"]');
        at loginAsAdmin (D:\Code\Java\SpingBoot\MyFirstSpringBoot\tests\admin-dashboard.test.js:9:14)
        at D:\Code\Java\SpingBoot\MyFirstSpringBoot\tests\admin-dashboard.test.js:20:11

    attachment #1: screenshot (image/png) ──────────────────────────────────────────────────────────
    test-results\admin-dashboard-Admin-Dash-e67fb-Management-page-should-load-chromium-retry1\test-failed-1.png
    ────────────────────────────────────────────────────────────────────────────────────────────────

    attachment #2: video (video/webm) ──────────────────────────────────────────────────────────────
    test-results\admin-dashboard-Admin-Dash-e67fb-Management-page-should-load-chromium-retry1\video.webm
    ────────────────────────────────────────────────────────────────────────────────────────────────

    Error Context: test-results\admin-dashboard-Admin-Dash-e67fb-Management-page-should-load-chromium-retry1\error-context.md

    attachment #4: trace (application/zip) ─────────────────────────────────────────────────────────
    test-results\admin-dashboard-Admin-Dash-e67fb-Management-page-should-load-chromium-retry1\trace.zip
    Usage:

        npx playwright show-trace test-results\admin-dashboard-Admin-Dash-e67fb-Management-page-should-load-chromium-retry1\trace.zip

    ────────────────────────────────────────────────────────────────────────────────────────────────
]]>
</error>
</testcase>
<testcase name="Admin Dashboard Management Pages › Screen Management form has all required fields" classname="admin-dashboard.test.js" time="5.295">
<system-out>
<![CDATA[
[[ATTACHMENT|admin-dashboard-Admin-Dash-c4f72-orm-has-all-required-fields-chromium\test-failed-1.png]]

[[ATTACHMENT|admin-dashboard-Admin-Dash-c4f72-orm-has-all-required-fields-chromium\video.webm]]

[[ATTACHMENT|admin-dashboard-Admin-Dash-c4f72-orm-has-all-required-fields-chromium\error-context.md]]

[[ATTACHMENT|admin-dashboard-Admin-Dash-c4f72-orm-has-all-required-fields-chromium-retry1\test-failed-1.png]]

[[ATTACHMENT|admin-dashboard-Admin-Dash-c4f72-orm-has-all-required-fields-chromium-retry1\video.webm]]

[[ATTACHMENT|admin-dashboard-Admin-Dash-c4f72-orm-has-all-required-fields-chromium-retry1\error-context.md]]

[[ATTACHMENT|admin-dashboard-Admin-Dash-c4f72-orm-has-all-required-fields-chromium-retry1\trace.zip]]
]]>
</system-out>
<error message="page.goto: net::ERR_CONNECTION_REFUSED at http://localhost:8080/login.html" type="Error">
<![CDATA[  [chromium] › admin-dashboard.test.js:192:7 › Admin Dashboard Management Pages › Screen Management form has all required fields 

    Error: page.goto: net::ERR_CONNECTION_REFUSED at http://localhost:8080/login.html
    Call log:
      - navigating to "http://localhost:8080/login.html", waiting until "load"


       7 | // Login helper function
       8 | async function loginAsAdmin(page) {
    >  9 |   await page.goto(`${BASE_URL}/login.html`);
         |              ^
      10 |   await page.fill('input[name="email"]', ADMIN_EMAIL);
      11 |   await page.fill('input[name="password"]', ADMIN_PASSWORD);
      12 |   await page.click('button[type="submit"]');
        at loginAsAdmin (D:\Code\Java\SpingBoot\MyFirstSpringBoot\tests\admin-dashboard.test.js:9:14)
        at D:\Code\Java\SpingBoot\MyFirstSpringBoot\tests\admin-dashboard.test.js:20:11

    attachment #1: screenshot (image/png) ──────────────────────────────────────────────────────────
    test-results\admin-dashboard-Admin-Dash-c4f72-orm-has-all-required-fields-chromium\test-failed-1.png
    ────────────────────────────────────────────────────────────────────────────────────────────────

    attachment #2: video (video/webm) ──────────────────────────────────────────────────────────────
    test-results\admin-dashboard-Admin-Dash-c4f72-orm-has-all-required-fields-chromium\video.webm
    ────────────────────────────────────────────────────────────────────────────────────────────────

    Error Context: test-results\admin-dashboard-Admin-Dash-c4f72-orm-has-all-required-fields-chromium\error-context.md

    Retry #1 ───────────────────────────────────────────────────────────────────────────────────────

    Error: page.goto: net::ERR_CONNECTION_REFUSED at http://localhost:8080/login.html
    Call log:
      - navigating to "http://localhost:8080/login.html", waiting until "load"


       7 | // Login helper function
       8 | async function loginAsAdmin(page) {
    >  9 |   await page.goto(`${BASE_URL}/login.html`);
         |              ^
      10 |   await page.fill('input[name="email"]', ADMIN_EMAIL);
      11 |   await page.fill('input[name="password"]', ADMIN_PASSWORD);
      12 |   await page.click('button[type="submit"]');
        at loginAsAdmin (D:\Code\Java\SpingBoot\MyFirstSpringBoot\tests\admin-dashboard.test.js:9:14)
        at D:\Code\Java\SpingBoot\MyFirstSpringBoot\tests\admin-dashboard.test.js:20:11

    attachment #1: screenshot (image/png) ──────────────────────────────────────────────────────────
    test-results\admin-dashboard-Admin-Dash-c4f72-orm-has-all-required-fields-chromium-retry1\test-failed-1.png
    ────────────────────────────────────────────────────────────────────────────────────────────────

    attachment #2: video (video/webm) ──────────────────────────────────────────────────────────────
    test-results\admin-dashboard-Admin-Dash-c4f72-orm-has-all-required-fields-chromium-retry1\video.webm
    ────────────────────────────────────────────────────────────────────────────────────────────────

    Error Context: test-results\admin-dashboard-Admin-Dash-c4f72-orm-has-all-required-fields-chromium-retry1\error-context.md

    attachment #4: trace (application/zip) ─────────────────────────────────────────────────────────
    test-results\admin-dashboard-Admin-Dash-c4f72-orm-has-all-required-fields-chromium-retry1\trace.zip
    Usage:

        npx playwright show-trace test-results\admin-dashboard-Admin-Dash-c4f72-orm-has-all-required-fields-chromium-retry1\trace.zip

    ────────────────────────────────────────────────────────────────────────────────────────────────
]]>
</error>
</testcase>
<testcase name="Admin Dashboard Management Pages › Show Management page should load" classname="admin-dashboard.test.js" time="5.286">
<system-out>
<![CDATA[
[[ATTACHMENT|admin-dashboard-Admin-Dash-49112-Management-page-should-load-chromium\test-failed-1.png]]

[[ATTACHMENT|admin-dashboard-Admin-Dash-49112-Management-page-should-load-chromium\video.webm]]

[[ATTACHMENT|admin-dashboard-Admin-Dash-49112-Management-page-should-load-chromium\error-context.md]]

[[ATTACHMENT|admin-dashboard-Admin-Dash-49112-Management-page-should-load-chromium-retry1\test-failed-1.png]]

[[ATTACHMENT|admin-dashboard-Admin-Dash-49112-Management-page-should-load-chromium-retry1\video.webm]]

[[ATTACHMENT|admin-dashboard-Admin-Dash-49112-Management-page-should-load-chromium-retry1\error-context.md]]

[[ATTACHMENT|admin-dashboard-Admin-Dash-49112-Management-page-should-load-chromium-retry1\trace.zip]]
]]>
</system-out>
<error message="page.goto: net::ERR_CONNECTION_REFUSED at http://localhost:8080/login.html" type="Error">
<![CDATA[  [chromium] › admin-dashboard.test.js:203:7 › Admin Dashboard Management Pages › Show Management page should load 

    Error: page.goto: net::ERR_CONNECTION_REFUSED at http://localhost:8080/login.html
    Call log:
      - navigating to "http://localhost:8080/login.html", waiting until "load"


       7 | // Login helper function
       8 | async function loginAsAdmin(page) {
    >  9 |   await page.goto(`${BASE_URL}/login.html`);
         |              ^
      10 |   await page.fill('input[name="email"]', ADMIN_EMAIL);
      11 |   await page.fill('input[name="password"]', ADMIN_PASSWORD);
      12 |   await page.click('button[type="submit"]');
        at loginAsAdmin (D:\Code\Java\SpingBoot\MyFirstSpringBoot\tests\admin-dashboard.test.js:9:14)
        at D:\Code\Java\SpingBoot\MyFirstSpringBoot\tests\admin-dashboard.test.js:20:11

    attachment #1: screenshot (image/png) ──────────────────────────────────────────────────────────
    test-results\admin-dashboard-Admin-Dash-49112-Management-page-should-load-chromium\test-failed-1.png
    ────────────────────────────────────────────────────────────────────────────────────────────────

    attachment #2: video (video/webm) ──────────────────────────────────────────────────────────────
    test-results\admin-dashboard-Admin-Dash-49112-Management-page-should-load-chromium\video.webm
    ────────────────────────────────────────────────────────────────────────────────────────────────

    Error Context: test-results\admin-dashboard-Admin-Dash-49112-Management-page-should-load-chromium\error-context.md

    Retry #1 ───────────────────────────────────────────────────────────────────────────────────────

    Error: page.goto: net::ERR_CONNECTION_REFUSED at http://localhost:8080/login.html
    Call log:
      - navigating to "http://localhost:8080/login.html", waiting until "load"


       7 | // Login helper function
       8 | async function loginAsAdmin(page) {
    >  9 |   await page.goto(`${BASE_URL}/login.html`);
         |              ^
      10 |   await page.fill('input[name="email"]', ADMIN_EMAIL);
      11 |   await page.fill('input[name="password"]', ADMIN_PASSWORD);
      12 |   await page.click('button[type="submit"]');
        at loginAsAdmin (D:\Code\Java\SpingBoot\MyFirstSpringBoot\tests\admin-dashboard.test.js:9:14)
        at D:\Code\Java\SpingBoot\MyFirstSpringBoot\tests\admin-dashboard.test.js:20:11

    attachment #1: screenshot (image/png) ──────────────────────────────────────────────────────────
    test-results\admin-dashboard-Admin-Dash-49112-Management-page-should-load-chromium-retry1\test-failed-1.png
    ────────────────────────────────────────────────────────────────────────────────────────────────

    attachment #2: video (video/webm) ──────────────────────────────────────────────────────────────
    test-results\admin-dashboard-Admin-Dash-49112-Management-page-should-load-chromium-retry1\video.webm
    ────────────────────────────────────────────────────────────────────────────────────────────────

    Error Context: test-results\admin-dashboard-Admin-Dash-49112-Management-page-should-load-chromium-retry1\error-context.md

    attachment #4: trace (application/zip) ─────────────────────────────────────────────────────────
    test-results\admin-dashboard-Admin-Dash-49112-Management-page-should-load-chromium-retry1\trace.zip
    Usage:

        npx playwright show-trace test-results\admin-dashboard-Admin-Dash-49112-Management-page-should-load-chromium-retry1\trace.zip

    ────────────────────────────────────────────────────────────────────────────────────────────────
]]>
</error>
</testcase>
<testcase name="Admin Dashboard Management Pages › Show Management form has all required fields" classname="admin-dashboard.test.js" time="5.281">
<system-out>
<![CDATA[
[[ATTACHMENT|admin-dashboard-Admin-Dash-c5e99-orm-has-all-required-fields-chromium\test-failed-1.png]]

[[ATTACHMENT|admin-dashboard-Admin-Dash-c5e99-orm-has-all-required-fields-chromium\video.webm]]

[[ATTACHMENT|admin-dashboard-Admin-Dash-c5e99-orm-has-all-required-fields-chromium\error-context.md]]

[[ATTACHMENT|admin-dashboard-Admin-Dash-c5e99-orm-has-all-required-fields-chromium-retry1\test-failed-1.png]]

[[ATTACHMENT|admin-dashboard-Admin-Dash-c5e99-orm-has-all-required-fields-chromium-retry1\video.webm]]

[[ATTACHMENT|admin-dashboard-Admin-Dash-c5e99-orm-has-all-required-fields-chromium-retry1\error-context.md]]

[[ATTACHMENT|admin-dashboard-Admin-Dash-c5e99-orm-has-all-required-fields-chromium-retry1\trace.zip]]
]]>
</system-out>
<error message="page.goto: net::ERR_CONNECTION_REFUSED at http://localhost:8080/login.html" type="Error">
<![CDATA[  [chromium] › admin-dashboard.test.js:212:7 › Admin Dashboard Management Pages › Show Management form has all required fields 

    Error: page.goto: net::ERR_CONNECTION_REFUSED at http://localhost:8080/login.html
    Call log:
      - navigating to "http://localhost:8080/login.html", waiting until "load"


       7 | // Login helper function
       8 | async function loginAsAdmin(page) {
    >  9 |   await page.goto(`${BASE_URL}/login.html`);
         |              ^
      10 |   await page.fill('input[name="email"]', ADMIN_EMAIL);
      11 |   await page.fill('input[name="password"]', ADMIN_PASSWORD);
      12 |   await page.click('button[type="submit"]');
        at loginAsAdmin (D:\Code\Java\SpingBoot\MyFirstSpringBoot\tests\admin-dashboard.test.js:9:14)
        at D:\Code\Java\SpingBoot\MyFirstSpringBoot\tests\admin-dashboard.test.js:20:11

    attachment #1: screenshot (image/png) ──────────────────────────────────────────────────────────
    test-results\admin-dashboard-Admin-Dash-c5e99-orm-has-all-required-fields-chromium\test-failed-1.png
    ────────────────────────────────────────────────────────────────────────────────────────────────

    attachment #2: video (video/webm) ──────────────────────────────────────────────────────────────
    test-results\admin-dashboard-Admin-Dash-c5e99-orm-has-all-required-fields-chromium\video.webm
    ────────────────────────────────────────────────────────────────────────────────────────────────

    Error Context: test-results\admin-dashboard-Admin-Dash-c5e99-orm-has-all-required-fields-chromium\error-context.md

    Retry #1 ───────────────────────────────────────────────────────────────────────────────────────

    Error: page.goto: net::ERR_CONNECTION_REFUSED at http://localhost:8080/login.html
    Call log:
      - navigating to "http://localhost:8080/login.html", waiting until "load"


       7 | // Login helper function
       8 | async function loginAsAdmin(page) {
    >  9 |   await page.goto(`${BASE_URL}/login.html`);
         |              ^
      10 |   await page.fill('input[name="email"]', ADMIN_EMAIL);
      11 |   await page.fill('input[name="password"]', ADMIN_PASSWORD);
      12 |   await page.click('button[type="submit"]');
        at loginAsAdmin (D:\Code\Java\SpingBoot\MyFirstSpringBoot\tests\admin-dashboard.test.js:9:14)
        at D:\Code\Java\SpingBoot\MyFirstSpringBoot\tests\admin-dashboard.test.js:20:11

    attachment #1: screenshot (image/png) ──────────────────────────────────────────────────────────
    test-results\admin-dashboard-Admin-Dash-c5e99-orm-has-all-required-fields-chromium-retry1\test-failed-1.png
    ────────────────────────────────────────────────────────────────────────────────────────────────

    attachment #2: video (video/webm) ──────────────────────────────────────────────────────────────
    test-results\admin-dashboard-Admin-Dash-c5e99-orm-has-all-required-fields-chromium-retry1\video.webm
    ────────────────────────────────────────────────────────────────────────────────────────────────

    Error Context: test-results\admin-dashboard-Admin-Dash-c5e99-orm-has-all-required-fields-chromium-retry1\error-context.md

    attachment #4: trace (application/zip) ─────────────────────────────────────────────────────────
    test-results\admin-dashboard-Admin-Dash-c5e99-orm-has-all-required-fields-chromium-retry1\trace.zip
    Usage:

        npx playwright show-trace test-results\admin-dashboard-Admin-Dash-c5e99-orm-has-all-required-fields-chromium-retry1\trace.zip

    ────────────────────────────────────────────────────────────────────────────────────────────────
]]>
</error>
</testcase>
<testcase name="Admin Dashboard Management Pages › Seat Management page should load" classname="admin-dashboard.test.js" time="5.25">
<system-out>
<![CDATA[
[[ATTACHMENT|admin-dashboard-Admin-Dash-f54a1-Management-page-should-load-chromium\test-failed-1.png]]

[[ATTACHMENT|admin-dashboard-Admin-Dash-f54a1-Management-page-should-load-chromium\video.webm]]

[[ATTACHMENT|admin-dashboard-Admin-Dash-f54a1-Management-page-should-load-chromium\error-context.md]]

[[ATTACHMENT|admin-dashboard-Admin-Dash-f54a1-Management-page-should-load-chromium-retry1\test-failed-1.png]]

[[ATTACHMENT|admin-dashboard-Admin-Dash-f54a1-Management-page-should-load-chromium-retry1\video.webm]]

[[ATTACHMENT|admin-dashboard-Admin-Dash-f54a1-Management-page-should-load-chromium-retry1\error-context.md]]

[[ATTACHMENT|admin-dashboard-Admin-Dash-f54a1-Management-page-should-load-chromium-retry1\trace.zip]]
]]>
</system-out>
<error message="page.goto: net::ERR_CONNECTION_REFUSED at http://localhost:8080/login.html" type="Error">
<![CDATA[  [chromium] › admin-dashboard.test.js:223:7 › Admin Dashboard Management Pages › Seat Management page should load 

    Error: page.goto: net::ERR_CONNECTION_REFUSED at http://localhost:8080/login.html
    Call log:
      - navigating to "http://localhost:8080/login.html", waiting until "load"


       7 | // Login helper function
       8 | async function loginAsAdmin(page) {
    >  9 |   await page.goto(`${BASE_URL}/login.html`);
         |              ^
      10 |   await page.fill('input[name="email"]', ADMIN_EMAIL);
      11 |   await page.fill('input[name="password"]', ADMIN_PASSWORD);
      12 |   await page.click('button[type="submit"]');
        at loginAsAdmin (D:\Code\Java\SpingBoot\MyFirstSpringBoot\tests\admin-dashboard.test.js:9:14)
        at D:\Code\Java\SpingBoot\MyFirstSpringBoot\tests\admin-dashboard.test.js:20:11

    attachment #1: screenshot (image/png) ──────────────────────────────────────────────────────────
    test-results\admin-dashboard-Admin-Dash-f54a1-Management-page-should-load-chromium\test-failed-1.png
    ────────────────────────────────────────────────────────────────────────────────────────────────

    attachment #2: video (video/webm) ──────────────────────────────────────────────────────────────
    test-results\admin-dashboard-Admin-Dash-f54a1-Management-page-should-load-chromium\video.webm
    ────────────────────────────────────────────────────────────────────────────────────────────────

    Error Context: test-results\admin-dashboard-Admin-Dash-f54a1-Management-page-should-load-chromium\error-context.md

    Retry #1 ───────────────────────────────────────────────────────────────────────────────────────

    Error: page.goto: net::ERR_CONNECTION_REFUSED at http://localhost:8080/login.html
    Call log:
      - navigating to "http://localhost:8080/login.html", waiting until "load"


       7 | // Login helper function
       8 | async function loginAsAdmin(page) {
    >  9 |   await page.goto(`${BASE_URL}/login.html`);
         |              ^
      10 |   await page.fill('input[name="email"]', ADMIN_EMAIL);
      11 |   await page.fill('input[name="password"]', ADMIN_PASSWORD);
      12 |   await page.click('button[type="submit"]');
        at loginAsAdmin (D:\Code\Java\SpingBoot\MyFirstSpringBoot\tests\admin-dashboard.test.js:9:14)
        at D:\Code\Java\SpingBoot\MyFirstSpringBoot\tests\admin-dashboard.test.js:20:11

    attachment #1: screenshot (image/png) ──────────────────────────────────────────────────────────
    test-results\admin-dashboard-Admin-Dash-f54a1-Management-page-should-load-chromium-retry1\test-failed-1.png
    ────────────────────────────────────────────────────────────────────────────────────────────────

    attachment #2: video (video/webm) ──────────────────────────────────────────────────────────────
    test-results\admin-dashboard-Admin-Dash-f54a1-Management-page-should-load-chromium-retry1\video.webm
    ────────────────────────────────────────────────────────────────────────────────────────────────

    Error Context: test-results\admin-dashboard-Admin-Dash-f54a1-Management-page-should-load-chromium-retry1\error-context.md

    attachment #4: trace (application/zip) ─────────────────────────────────────────────────────────
    test-results\admin-dashboard-Admin-Dash-f54a1-Management-page-should-load-chromium-retry1\trace.zip
    Usage:

        npx playwright show-trace test-results\admin-dashboard-Admin-Dash-f54a1-Management-page-should-load-chromium-retry1\trace.zip

    ────────────────────────────────────────────────────────────────────────────────────────────────
]]>
</error>
</testcase>
<testcase name="Admin Dashboard Management Pages › Booking Management page should load" classname="admin-dashboard.test.js" time="5.268">
<system-out>
<![CDATA[
[[ATTACHMENT|admin-dashboard-Admin-Dash-d86cc-Management-page-should-load-chromium\test-failed-1.png]]

[[ATTACHMENT|admin-dashboard-Admin-Dash-d86cc-Management-page-should-load-chromium\video.webm]]

[[ATTACHMENT|admin-dashboard-Admin-Dash-d86cc-Management-page-should-load-chromium\error-context.md]]

[[ATTACHMENT|admin-dashboard-Admin-Dash-d86cc-Management-page-should-load-chromium-retry1\test-failed-1.png]]

[[ATTACHMENT|admin-dashboard-Admin-Dash-d86cc-Management-page-should-load-chromium-retry1\video.webm]]

[[ATTACHMENT|admin-dashboard-Admin-Dash-d86cc-Management-page-should-load-chromium-retry1\error-context.md]]

[[ATTACHMENT|admin-dashboard-Admin-Dash-d86cc-Management-page-should-load-chromium-retry1\trace.zip]]
]]>
</system-out>
<error message="page.goto: net::ERR_CONNECTION_REFUSED at http://localhost:8080/login.html" type="Error">
<![CDATA[  [chromium] › admin-dashboard.test.js:232:7 › Admin Dashboard Management Pages › Booking Management page should load 

    Error: page.goto: net::ERR_CONNECTION_REFUSED at http://localhost:8080/login.html
    Call log:
      - navigating to "http://localhost:8080/login.html", waiting until "load"


       7 | // Login helper function
       8 | async function loginAsAdmin(page) {
    >  9 |   await page.goto(`${BASE_URL}/login.html`);
         |              ^
      10 |   await page.fill('input[name="email"]', ADMIN_EMAIL);
      11 |   await page.fill('input[name="password"]', ADMIN_PASSWORD);
      12 |   await page.click('button[type="submit"]');
        at loginAsAdmin (D:\Code\Java\SpingBoot\MyFirstSpringBoot\tests\admin-dashboard.test.js:9:14)
        at D:\Code\Java\SpingBoot\MyFirstSpringBoot\tests\admin-dashboard.test.js:20:11

    attachment #1: screenshot (image/png) ──────────────────────────────────────────────────────────
    test-results\admin-dashboard-Admin-Dash-d86cc-Management-page-should-load-chromium\test-failed-1.png
    ────────────────────────────────────────────────────────────────────────────────────────────────

    attachment #2: video (video/webm) ──────────────────────────────────────────────────────────────
    test-results\admin-dashboard-Admin-Dash-d86cc-Management-page-should-load-chromium\video.webm
    ────────────────────────────────────────────────────────────────────────────────────────────────

    Error Context: test-results\admin-dashboard-Admin-Dash-d86cc-Management-page-should-load-chromium\error-context.md

    Retry #1 ───────────────────────────────────────────────────────────────────────────────────────

    Error: page.goto: net::ERR_CONNECTION_REFUSED at http://localhost:8080/login.html
    Call log:
      - navigating to "http://localhost:8080/login.html", waiting until "load"


       7 | // Login helper function
       8 | async function loginAsAdmin(page) {
    >  9 |   await page.goto(`${BASE_URL}/login.html`);
         |              ^
      10 |   await page.fill('input[name="email"]', ADMIN_EMAIL);
      11 |   await page.fill('input[name="password"]', ADMIN_PASSWORD);
      12 |   await page.click('button[type="submit"]');
        at loginAsAdmin (D:\Code\Java\SpingBoot\MyFirstSpringBoot\tests\admin-dashboard.test.js:9:14)
        at D:\Code\Java\SpingBoot\MyFirstSpringBoot\tests\admin-dashboard.test.js:20:11

    attachment #1: screenshot (image/png) ──────────────────────────────────────────────────────────
    test-results\admin-dashboard-Admin-Dash-d86cc-Management-page-should-load-chromium-retry1\test-failed-1.png
    ────────────────────────────────────────────────────────────────────────────────────────────────

    attachment #2: video (video/webm) ──────────────────────────────────────────────────────────────
    test-results\admin-dashboard-Admin-Dash-d86cc-Management-page-should-load-chromium-retry1\video.webm
    ────────────────────────────────────────────────────────────────────────────────────────────────

    Error Context: test-results\admin-dashboard-Admin-Dash-d86cc-Management-page-should-load-chromium-retry1\error-context.md

    attachment #4: trace (application/zip) ─────────────────────────────────────────────────────────
    test-results\admin-dashboard-Admin-Dash-d86cc-Management-page-should-load-chromium-retry1\trace.zip
    Usage:

        npx playwright show-trace test-results\admin-dashboard-Admin-Dash-d86cc-Management-page-should-load-chromium-retry1\trace.zip

    ────────────────────────────────────────────────────────────────────────────────────────────────
]]>
</error>
</testcase>
<testcase name="Admin Dashboard Management Pages › Booking Management table has all columns" classname="admin-dashboard.test.js" time="5.291">
<system-out>
<![CDATA[
[[ATTACHMENT|admin-dashboard-Admin-Dash-15005-ement-table-has-all-columns-chromium\test-failed-1.png]]

[...]

    attachment #2: video (video/webm) ──────────────────────────────────────────────────────────────
    test-results\admin-dashboard-Admin-Dash-1acf9-agement-displays-statistics-mobile-chrome-retry1\video.webm
    ────────────────────────────────────────────────────────────────────────────────────────────────

    Error Context: test-results\admin-dashboard-Admin-Dash-1acf9-agement-displays-statistics-mobile-chrome-retry1\error-context.md

    attachment #4: trace (application/zip) ─────────────────────────────────────────────────────────
    test-results\admin-dashboard-Admin-Dash-1acf9-agement-displays-statistics-mobile-chrome-retry1\trace.zip
    Usage:

        npx playwright show-trace test-results\admin-dashboard-Admin-Dash-1acf9-agement-displays-statistics-mobile-chrome-retry1\trace.zip

    ────────────────────────────────────────────────────────────────────────────────────────────────
]]>
</error>
</testcase>
<testcase name="Admin Dashboard Management Pages › Payment Management table has all columns" classname="admin-dashboard.test.js" time="5.418">
<system-out>
<![CDATA[
[[ATTACHMENT|admin-dashboard-Admin-Dash-4e79b-ement-table-has-all-columns-mobile-chrome\test-failed-1.png]]

[[ATTACHMENT|admin-dashboard-Admin-Dash-4e79b-ement-table-has-all-columns-mobile-chrome\video.webm]]

[[ATTACHMENT|admin-dashboard-Admin-Dash-4e79b-ement-table-has-all-columns-mobile-chrome\error-context.md]]

[[ATTACHMENT|admin-dashboard-Admin-Dash-4e79b-ement-table-has-all-columns-mobile-chrome-retry1\test-failed-1.png]]

[[ATTACHMENT|admin-dashboard-Admin-Dash-4e79b-ement-table-has-all-columns-mobile-chrome-retry1\video.webm]]

[[ATTACHMENT|admin-dashboard-Admin-Dash-4e79b-ement-table-has-all-columns-mobile-chrome-retry1\error-context.md]]

[[ATTACHMENT|admin-dashboard-Admin-Dash-4e79b-ement-table-has-all-columns-mobile-chrome-retry1\trace.zip]]
]]>
</system-out>
<error message="page.goto: net::ERR_CONNECTION_REFUSED at http://localhost:8080/login.html" type="Error">
<![CDATA[  [mobile-chrome] › admin-dashboard.test.js:285:7 › Admin Dashboard Management Pages › Payment Management table has all columns 

    Error: page.goto: net::ERR_CONNECTION_REFUSED at http://localhost:8080/login.html
    Call log:
      - navigating to "http://localhost:8080/login.html", waiting until "load"


       7 | // Login helper function
       8 | async function loginAsAdmin(page) {
    >  9 |   await page.goto(`${BASE_URL}/login.html`);
         |              ^
      10 |   await page.fill('input[name="email"]', ADMIN_EMAIL);
      11 |   await page.fill('input[name="password"]', ADMIN_PASSWORD);
      12 |   await page.click('button[type="submit"]');
        at loginAsAdmin (D:\Code\Java\SpingBoot\MyFirstSpringBoot\tests\admin-dashboard.test.js:9:14)
        at D:\Code\Java\SpingBoot\MyFirstSpringBoot\tests\admin-dashboard.test.js:20:11

    attachment #1: screenshot (image/png) ──────────────────────────────────────────────────────────
    test-results\admin-dashboard-Admin-Dash-4e79b-ement-table-has-all-columns-mobile-chrome\test-failed-1.png
    ────────────────────────────────────────────────────────────────────────────────────────────────

    attachment #2: video (video/webm) ──────────────────────────────────────────────────────────────
    test-results\admin-dashboard-Admin-Dash-4e79b-ement-table-has-all-columns-mobile-chrome\video.webm
    ────────────────────────────────────────────────────────────────────────────────────────────────

    Error Context: test-results\admin-dashboard-Admin-Dash-4e79b-ement-table-has-all-columns-mobile-chrome\error-context.md

    Retry #1 ───────────────────────────────────────────────────────────────────────────────────────

    Error: page.goto: net::ERR_CONNECTION_REFUSED at http://localhost:8080/login.html
    Call log:
      - navigating to "http://localhost:8080/login.html", waiting until "load"


       7 | // Login helper function
       8 | async function loginAsAdmin(page) {
    >  9 |   await page.goto(`${BASE_URL}/login.html`);
         |              ^
      10 |   await page.fill('input[name="email"]', ADMIN_EMAIL);
      11 |   await page.fill('input[name="password"]', ADMIN_PASSWORD);
      12 |   await page.click('button[type="submit"]');
        at loginAsAdmin (D:\Code\Java\SpingBoot\MyFirstSpringBoot\tests\admin-dashboard.test.js:9:14)
        at D:\Code\Java\SpingBoot\MyFirstSpringBoot\tests\admin-dashboard.test.js:20:11

    attachment #1: screenshot (image/png) ──────────────────────────────────────────────────────────
    test-results\admin-dashboard-Admin-Dash-4e79b-ement-table-has-all-columns-mobile-chrome-retry1\test-failed-1.png
    ────────────────────────────────────────────────────────────────────────────────────────────────

    attachment #2: video (video/webm) ──────────────────────────────────────────────────────────────
    test-results\admin-dashboard-Admin-Dash-4e79b-ement-table-has-all-columns-mobile-chrome-retry1\video.webm
    ────────────────────────────────────────────────────────────────────────────────────────────────

    Error Context: test-results\admin-dashboard-Admin-Dash-4e79b-ement-table-has-all-columns-mobile-chrome-retry1\error-context.md

    attachment #4: trace (application/zip) ─────────────────────────────────────────────────────────
    test-results\admin-dashboard-Admin-Dash-4e79b-ement-table-has-all-columns-mobile-chrome-retry1\trace.zip
    Usage:

        npx playwright show-trace test-results\admin-dashboard-Admin-Dash-4e79b-ement-table-has-all-columns-mobile-chrome-retry1\trace.zip

    ────────────────────────────────────────────────────────────────────────────────────────────────
]]>
</error>
</testcase>
<testcase name="Admin Dashboard Management Pages › Unauthorized access redirects to login" classname="admin-dashboard.test.js" time="5.389">
<system-out>
<![CDATA[
[[ATTACHMENT|admin-dashboard-Admin-Dash-fa05e-d-access-redirects-to-login-mobile-chrome\test-failed-1.png]]

[[ATTACHMENT|admin-dashboard-Admin-Dash-fa05e-d-access-redirects-to-login-mobile-chrome\video.webm]]

[[ATTACHMENT|admin-dashboard-Admin-Dash-fa05e-d-access-redirects-to-login-mobile-chrome\error-context.md]]

[[ATTACHMENT|admin-dashboard-Admin-Dash-fa05e-d-access-redirects-to-login-mobile-chrome-retry1\test-failed-1.png]]

[[ATTACHMENT|admin-dashboard-Admin-Dash-fa05e-d-access-redirects-to-login-mobile-chrome-retry1\video.webm]]

[[ATTACHMENT|admin-dashboard-Admin-Dash-fa05e-d-access-redirects-to-login-mobile-chrome-retry1\error-context.md]]

[[ATTACHMENT|admin-dashboard-Admin-Dash-fa05e-d-access-redirects-to-login-mobile-chrome-retry1\trace.zip]]
]]>
</system-out>
<error message="page.goto: net::ERR_CONNECTION_REFUSED at http://localhost:8080/login.html" type="Error">
<![CDATA[  [mobile-chrome] › admin-dashboard.test.js:295:7 › Admin Dashboard Management Pages › Unauthorized access redirects to login 

    Error: page.goto: net::ERR_CONNECTION_REFUSED at http://localhost:8080/login.html
    Call log:
      - navigating to "http://localhost:8080/login.html", waiting until "load"


       7 | // Login helper function
       8 | async function loginAsAdmin(page) {
    >  9 |   await page.goto(`${BASE_URL}/login.html`);
         |              ^
      10 |   await page.fill('input[name="email"]', ADMIN_EMAIL);
      11 |   await page.fill('input[name="password"]', ADMIN_PASSWORD);
      12 |   await page.click('button[type="submit"]');
        at loginAsAdmin (D:\Code\Java\SpingBoot\MyFirstSpringBoot\tests\admin-dashboard.test.js:9:14)
        at D:\Code\Java\SpingBoot\MyFirstSpringBoot\tests\admin-dashboard.test.js:20:11

    attachment #1: screenshot (image/png) ──────────────────────────────────────────────────────────
    test-results\admin-dashboard-Admin-Dash-fa05e-d-access-redirects-to-login-mobile-chrome\test-failed-1.png
    ────────────────────────────────────────────────────────────────────────────────────────────────

    attachment #2: video (video/webm) ──────────────────────────────────────────────────────────────
    test-results\admin-dashboard-Admin-Dash-fa05e-d-access-redirects-to-login-mobile-chrome\video.webm
    ────────────────────────────────────────────────────────────────────────────────────────────────

    Error Context: test-results\admin-dashboard-Admin-Dash-fa05e-d-access-redirects-to-login-mobile-chrome\error-context.md

    Retry #1 ───────────────────────────────────────────────────────────────────────────────────────

    Error: page.goto: net::ERR_CONNECTION_REFUSED at http://localhost:8080/login.html
    Call log:
      - navigating to "http://localhost:8080/login.html", waiting until "load"


       7 | // Login helper function
       8 | async function loginAsAdmin(page) {
    >  9 |   await page.goto(`${BASE_URL}/login.html`);
         |              ^
      10 |   await page.fill('input[name="email"]', ADMIN_EMAIL);
      11 |   await page.fill('input[name="password"]', ADMIN_PASSWORD);
      12 |   await page.click('button[type="submit"]');
        at loginAsAdmin (D:\Code\Java\SpingBoot\MyFirstSpringBoot\tests\admin-dashboard.test.js:9:14)
        at D:\Code\Java\SpingBoot\MyFirstSpringBoot\tests\admin-dashboard.test.js:20:11

    attachment #1: screenshot (image/png) ──────────────────────────────────────────────────────────
    test-results\admin-dashboard-Admin-Dash-fa05e-d-access-redirects-to-login-mobile-chrome-retry1\test-failed-1.png
    ────────────────────────────────────────────────────────────────────────────────────────────────

    attachment #2: video (video/webm) ──────────────────────────────────────────────────────────────
    test-results\admin-dashboard-Admin-Dash-fa05e-d-access-redirects-to-login-mobile-chrome-retry1\video.webm
    ────────────────────────────────────────────────────────────────────────────────────────────────

    Error Context: test-results\admin-dashboard-Admin-Dash-fa05e-d-access-redirects-to-login-mobile-chrome-retry1\error-context.md

    attachment #4: trace (application/zip) ─────────────────────────────────────────────────────────
    test-results\admin-dashboard-Admin-Dash-fa05e-d-access-redirects-to-login-mobile-chrome-retry1\trace.zip
    Usage:

        npx playwright show-trace test-results\admin-dashboard-Admin-Dash-fa05e-d-access-redirects-to-login-mobile-chrome-retry1\trace.zip

    ────────────────────────────────────────────────────────────────────────────────────────────────
]]>
</error>
</testcase>
<testcase name="Admin Dashboard Management Pages › Back to Dashboard button navigates correctly" classname="admin-dashboard.test.js" time="5.439">
<system-out>
<![CDATA[
[[ATTACHMENT|admin-dashboard-Admin-Dash-082a3--button-navigates-correctly-mobile-chrome\test-failed-1.png]]

[[ATTACHMENT|admin-dashboard-Admin-Dash-082a3--button-navigates-correctly-mobile-chrome\video.webm]]

[[ATTACHMENT|admin-dashboard-Admin-Dash-082a3--button-navigates-correctly-mobile-chrome\error-context.md]]

[[ATTACHMENT|admin-dashboard-Admin-Dash-082a3--button-navigates-correctly-mobile-chrome-retry1\test-failed-1.png]]

[[ATTACHMENT|admin-dashboard-Admin-Dash-082a3--button-navigates-correctly-mobile-chrome-retry1\video.webm]]

[[ATTACHMENT|admin-dashboard-Admin-Dash-082a3--button-navigates-correctly-mobile-chrome-retry1\error-context.md]]

[[ATTACHMENT|admin-dashboard-Admin-Dash-082a3--button-navigates-correctly-mobile-chrome-retry1\trace.zip]]
]]>
</system-out>
<error message="page.goto: net::ERR_CONNECTION_REFUSED at http://localhost:8080/login.html" type="Error">
<![CDATA[  [mobile-chrome] › admin-dashboard.test.js:310:7 › Admin Dashboard Management Pages › Back to Dashboard button navigates correctly 

    Error: page.goto: net::ERR_CONNECTION_REFUSED at http://localhost:8080/login.html
    Call log:
      - navigating to "http://localhost:8080/login.html", waiting until "load"


       7 | // Login helper function
       8 | async function loginAsAdmin(page) {
    >  9 |   await page.goto(`${BASE_URL}/login.html`);
         |              ^
      10 |   await page.fill('input[name="email"]', ADMIN_EMAIL);
      11 |   await page.fill('input[name="password"]', ADMIN_PASSWORD);
      12 |   await page.click('button[type="submit"]');
        at loginAsAdmin (D:\Code\Java\SpingBoot\MyFirstSpringBoot\tests\admin-dashboard.test.js:9:14)
        at D:\Code\Java\SpingBoot\MyFirstSpringBoot\tests\admin-dashboard.test.js:20:11

    attachment #1: screenshot (image/png) ──────────────────────────────────────────────────────────
    test-results\admin-dashboard-Admin-Dash-082a3--button-navigates-correctly-mobile-chrome\test-failed-1.png
    ────────────────────────────────────────────────────────────────────────────────────────────────

    attachment #2: video (video/webm) ──────────────────────────────────────────────────────────────
    test-results\admin-dashboard-Admin-Dash-082a3--button-navigates-correctly-mobile-chrome\video.webm
    ────────────────────────────────────────────────────────────────────────────────────────────────

    Error Context: test-results\admin-dashboard-Admin-Dash-082a3--button-navigates-correctly-mobile-chrome\error-context.md

    Retry #1 ───────────────────────────────────────────────────────────────────────────────────────

    Error: page.goto: net::ERR_CONNECTION_REFUSED at http://localhost:8080/login.html
    Call log:
      - navigating to "http://localhost:8080/login.html", waiting until "load"


       7 | // Login helper function
       8 | async function loginAsAdmin(page) {
    >  9 |   await page.goto(`${BASE_URL}/login.html`);
         |              ^
      10 |   await page.fill('input[name="email"]', ADMIN_EMAIL);
      11 |   await page.fill('input[name="password"]', ADMIN_PASSWORD);
      12 |   await page.click('button[type="submit"]');
        at loginAsAdmin (D:\Code\Java\SpingBoot\MyFirstSpringBoot\tests\admin-dashboard.test.js:9:14)
        at D:\Code\Java\SpingBoot\MyFirstSpringBoot\tests\admin-dashboard.test.js:20:11

    attachment #1: screenshot (image/png) ──────────────────────────────────────────────────────────
    test-results\admin-dashboard-Admin-Dash-082a3--button-navigates-correctly-mobile-chrome-retry1\test-failed-1.png
    ────────────────────────────────────────────────────────────────────────────────────────────────

    attachment #2: video (video/webm) ──────────────────────────────────────────────────────────────
    test-results\admin-dashboard-Admin-Dash-082a3--button-navigates-correctly-mobile-chrome-retry1\video.webm
    ────────────────────────────────────────────────────────────────────────────────────────────────

    Error Context: test-results\admin-dashboard-Admin-Dash-082a3--button-navigates-correctly-mobile-chrome-retry1\error-context.md

    attachment #4: trace (application/zip) ─────────────────────────────────────────────────────────
    test-results\admin-dashboard-Admin-Dash-082a3--button-navigates-correctly-mobile-chrome-retry1\trace.zip
    Usage:

        npx playwright show-trace test-results\admin-dashboard-Admin-Dash-082a3--button-navigates-correctly-mobile-chrome-retry1\trace.zip

    ────────────────────────────────────────────────────────────────────────────────────────────────
]]>
</error>
</testcase>
<testcase name="Admin Dashboard Management Pages › Pages are responsive on mobile" classname="admin-dashboard.test.js" time="5.36">
<system-out>
<![CDATA[
[[ATTACHMENT|admin-dashboard-Admin-Dash-803a5-es-are-responsive-on-mobile-mobile-chrome\test-failed-1.png]]

[[ATTACHMENT|admin-dashboard-Admin-Dash-803a5-es-are-responsive-on-mobile-mobile-chrome\video.webm]]

[[ATTACHMENT|admin-dashboard-Admin-Dash-803a5-es-are-responsive-on-mobile-mobile-chrome\error-context.md]]

[[ATTACHMENT|admin-dashboard-Admin-Dash-803a5-es-are-responsive-on-mobile-mobile-chrome-retry1\test-failed-1.png]]

[[ATTACHMENT|admin-dashboard-Admin-Dash-803a5-es-are-responsive-on-mobile-mobile-chrome-retry1\video.webm]]

[[ATTACHMENT|admin-dashboard-Admin-Dash-803a5-es-are-responsive-on-mobile-mobile-chrome-retry1\error-context.md]]

[[ATTACHMENT|admin-dashboard-Admin-Dash-803a5-es-are-responsive-on-mobile-mobile-chrome-retry1\trace.zip]]
]]>
</system-out>
<error message="page.goto: net::ERR_CONNECTION_REFUSED at http://localhost:8080/login.html" type="Error">
<![CDATA[  [mobile-chrome] › admin-dashboard.test.js:325:7 › Admin Dashboard Management Pages › Pages are responsive on mobile 

    Error: page.goto: net::ERR_CONNECTION_REFUSED at http://localhost:8080/login.html
    Call log:
      - navigating to "http://localhost:8080/login.html", waiting until "load"


       7 | // Login helper function
       8 | async function loginAsAdmin(page) {
    >  9 |   await page.goto(`${BASE_URL}/login.html`);
         |              ^
      10 |   await page.fill('input[name="email"]', ADMIN_EMAIL);
      11 |   await page.fill('input[name="password"]', ADMIN_PASSWORD);
      12 |   await page.click('button[type="submit"]');
        at loginAsAdmin (D:\Code\Java\SpingBoot\MyFirstSpringBoot\tests\admin-dashboard.test.js:9:14)
        at D:\Code\Java\SpingBoot\MyFirstSpringBoot\tests\admin-dashboard.test.js:20:11

    attachment #1: screenshot (image/png) ──────────────────────────────────────────────────────────
    test-results\admin-dashboard-Admin-Dash-803a5-es-are-responsive-on-mobile-mobile-chrome\test-failed-1.png
    ────────────────────────────────────────────────────────────────────────────────────────────────

    attachment #2: video (video/webm) ──────────────────────────────────────────────────────────────
    test-results\admin-dashboard-Admin-Dash-803a5-es-are-responsive-on-mobile-mobile-chrome\video.webm
    ────────────────────────────────────────────────────────────────────────────────────────────────

    Error Context: test-results\admin-dashboard-Admin-Dash-803a5-es-are-responsive-on-mobile-mobile-chrome\error-context.md

    Retry #1 ───────────────────────────────────────────────────────────────────────────────────────

    Error: page.goto: net::ERR_CONNECTION_REFUSED at http://localhost:8080/login.html
    Call log:
      - navigating to "http://localhost:8080/login.html", waiting until "load"


       7 | // Login helper function
       8 | async function loginAsAdmin(page) {
    >  9 |   await page.goto(`${BASE_URL}/login.html`);
         |              ^
      10 |   await page.fill('input[name="email"]', ADMIN_EMAIL);
      11 |   await page.fill('input[name="password"]', ADMIN_PASSWORD);
      12 |   await page.click('button[type="submit"]');
        at loginAsAdmin (D:\Code\Java\SpingBoot\MyFirstSpringBoot\tests\admin-dashboard.test.js:9:14)
        at D:\Code\Java\SpingBoot\MyFirstSpringBoot\tests\admin-dashboard.test.js:20:11

    attachment #1: screenshot (image/png) ──────────────────────────────────────────────────────────
    test-results\admin-dashboard-Admin-Dash-803a5-es-are-responsive-on-mobile-mobile-chrome-retry1\test-failed-1.png
    ────────────────────────────────────────────────────────────────────────────────────────────────

    attachment #2: video (video/webm) ──────────────────────────────────────────────────────────────
    test-results\admin-dashboard-Admin-Dash-803a5-es-are-responsive-on-mobile-mobile-chrome-retry1\video.webm
    ────────────────────────────────────────────────────────────────────────────────────────────────

    Error Context: test-results\admin-dashboard-Admin-Dash-803a5-es-are-responsive-on-mobile-mobile-chrome-retry1\error-context.md

    attachment #4: trace (application/zip) ─────────────────────────────────────────────────────────
    test-results\admin-dashboard-Admin-Dash-803a5-es-are-responsive-on-mobile-mobile-chrome-retry1\trace.zip
    Usage:

        npx playwright show-trace test-results\admin-dashboard-Admin-Dash-803a5-es-are-responsive-on-mobile-mobile-chrome-retry1\trace.zip

    ────────────────────────────────────────────────────────────────────────────────────────────────
]]>
</error>
</testcase>
</testsuite>
</testsuites>